{"C:\\Users\\chunghsien\\Desktop\\Vibe\\LoTR\\src\\components\\LogPanel.css": {"path":"C:\\Users\\chunghsien\\Desktop\\Vibe\\LoTR\\src\\components\\LogPanel.css","statementMap":{},"fnMap":{},"branchMap":{},"s":{},"f":{},"b":{},"meta":{"lastBranch":0,"lastFunction":0,"lastStatement":0,"seen":{}}}
,"C:\\Users\\chunghsien\\Desktop\\Vibe\\LoTR\\src\\components\\LogPanel.tsx": {"path":"C:\\Users\\chunghsien\\Desktop\\Vibe\\LoTR\\src\\components\\LogPanel.tsx","statementMap":{"0":{"start":{"line":21,"column":14},"end":{"line":21,"column":null}},"1":{"start":{"line":22,"column":4},"end":{"line":22,"column":null}},"2":{"start":{"line":26,"column":24},"end":{"line":26,"column":null}},"3":{"start":{"line":27,"column":10},"end":{"line":27,"column":null}},"4":{"start":{"line":30,"column":4},"end":{"line":34,"column":null}},"5":{"start":{"line":31,"column":8},"end":{"line":33,"column":null}},"6":{"start":{"line":32,"column":12},"end":{"line":32,"column":null}},"7":{"start":{"line":36,"column":4},"end":{"line":57,"column":null}},"8":{"start":{"line":38,"column":65},"end":{"line":38,"column":null}},"9":{"start":{"line":38,"column":80},"end":{"line":38,"column":82}},"10":{"start":{"line":49,"column":28},"end":{"line":52,"column":null}},"11":{"start":{"line":63,"column":11},"end":{"line":63,"column":null}},"12":{"start":{"line":70,"column":4},"end":{"line":77,"column":null}}},"fnMap":{"0":{"name":"formatTime","decl":{"start":{"line":20,"column":9},"end":{"line":20,"column":20}},"loc":{"start":{"line":20,"column":40},"end":{"line":23,"column":null}},"line":20},"1":{"name":"LogPanel","decl":{"start":{"line":25,"column":16},"end":{"line":25,"column":25}},"loc":{"start":{"line":25,"column":74},"end":{"line":59,"column":null}},"line":25},"2":{"name":"(anonymous_2)","decl":{"start":{"line":30,"column":14},"end":{"line":30,"column":20}},"loc":{"start":{"line":30,"column":20},"end":{"line":34,"column":7}},"line":30},"3":{"name":"(anonymous_3)","decl":{"start":{"line":38,"column":59},"end":{"line":38,"column":65}},"loc":{"start":{"line":38,"column":65},"end":{"line":38,"column":null}},"line":38},"4":{"name":"(anonymous_4)","decl":{"start":{"line":38,"column":73},"end":{"line":38,"column":74}},"loc":{"start":{"line":38,"column":80},"end":{"line":38,"column":82}},"line":38},"5":{"name":"(anonymous_5)","decl":{"start":{"line":48,"column":36},"end":{"line":48,"column":37}},"loc":{"start":{"line":49,"column":28},"end":{"line":52,"column":null}},"line":49},"6":{"name":"createLogEntry","decl":{"start":{"line":64,"column":16},"end":{"line":64,"column":null}},"loc":{"start":{"line":69,"column":12},"end":{"line":78,"column":null}},"line":69}},"branchMap":{"0":{"loc":{"start":{"line":25,"column":36},"end":{"line":25,"column":56}},"type":"default-arg","locations":[{"start":{"line":25,"column":50},"end":{"line":25,"column":56}}],"line":25},"1":{"loc":{"start":{"line":31,"column":8},"end":{"line":33,"column":null}},"type":"if","locations":[{"start":{"line":31,"column":8},"end":{"line":33,"column":null}},{"start":{},"end":{}}],"line":31},"2":{"loc":{"start":{"line":31,"column":12},"end":{"line":31,"column":37}},"type":"binary-expr","locations":[{"start":{"line":31,"column":12},"end":{"line":31,"column":20}},{"start":{"line":31,"column":20},"end":{"line":31,"column":37}}],"line":31},"3":{"loc":{"start":{"line":39,"column":35},"end":{"line":39,"column":83}},"type":"cond-expr","locations":[{"start":{"line":39,"column":56},"end":{"line":39,"column":80}},{"start":{"line":39,"column":80},"end":{"line":39,"column":83}}],"line":39},"4":{"loc":{"start":{"line":40,"column":54},"end":{"line":40,"column":73}},"type":"cond-expr","locations":[{"start":{"line":40,"column":61},"end":{"line":40,"column":71}},{"start":{"line":40,"column":71},"end":{"line":40,"column":73}}],"line":40},"5":{"loc":{"start":{"line":43,"column":13},"end":{"line":55,"column":null}},"type":"binary-expr","locations":[{"start":{"line":43,"column":13},"end":{"line":43,"column":null}},{"start":{"line":44,"column":16},"end":{"line":55,"column":null}}],"line":43},"6":{"loc":{"start":{"line":45,"column":21},"end":{"line":53,"column":null}},"type":"cond-expr","locations":[{"start":{"line":46,"column":24},"end":{"line":46,"column":null}},{"start":{"line":48,"column":24},"end":{"line":53,"column":null}}],"line":45},"7":{"loc":{"start":{"line":68,"column":4},"end":{"line":68,"column":null}},"type":"default-arg","locations":[{"start":{"line":68,"column":25},"end":{"line":68,"column":null}}],"line":68}},"s":{"0":0,"1":0,"2":0,"3":0,"4":0,"5":0,"6":0,"7":0,"8":0,"9":0,"10":0,"11":1,"12":12},"f":{"0":0,"1":0,"2":0,"3":0,"4":0,"5":0,"6":12},"b":{"0":[0],"1":[0,0],"2":[0,0],"3":[0,0],"4":[0,0],"5":[0,0],"6":[0,0],"7":[12]},"meta":{"lastBranch":8,"lastFunction":7,"lastStatement":13,"seen":{"f:20:9:20:20":0,"s:21:14:21:Infinity":0,"s:22:4:22:Infinity":1,"f:25:16:25:25":1,"b:25:50:25:56":0,"s:26:24:26:Infinity":2,"s:27:10:27:Infinity":3,"s:30:4:34:Infinity":4,"f:30:14:30:20":2,"b:31:8:33:Infinity:undefined:undefined:undefined:undefined":1,"s:31:8:33:Infinity":5,"b:31:12:31:20:31:20:31:37":2,"s:32:12:32:Infinity":6,"s:36:4:57:Infinity":7,"f:38:59:38:65":3,"s:38:65:38:Infinity":8,"f:38:73:38:74":4,"s:38:80:38:82":9,"b:39:56:39:80:39:80:39:83":3,"b:40:61:40:71:40:71:40:73":4,"b:43:13:43:Infinity:44:16:55:Infinity":5,"b:46:24:46:Infinity:48:24:53:Infinity":6,"f:48:36:48:37":5,"s:49:28:52:Infinity":10,"s:63:11:63:Infinity":11,"f:64:16:64:Infinity":6,"b:68:25:68:Infinity":7,"s:70:4:77:Infinity":12}}}
,"C:\\Users\\chunghsien\\Desktop\\Vibe\\LoTR\\src\\data\\mirkwoodScenario.ts": {"path":"C:\\Users\\chunghsien\\Desktop\\Vibe\\LoTR\\src\\data\\mirkwoodScenario.ts","statementMap":{"0":{"start":{"line":12,"column":45},"end":{"line":47,"column":null}},"1":{"start":{"line":51,"column":52},"end":{"line":90,"column":null}},"2":{"start":{"line":94,"column":61},"end":{"line":170,"column":null}},"3":{"start":{"line":174,"column":56},"end":{"line":177,"column":null}},"4":{"start":{"line":182,"column":30},"end":{"line":186,"column":null}}},"fnMap":{},"branchMap":{},"s":{"0":1,"1":1,"2":1,"3":1,"4":1},"f":{},"b":{},"meta":{"lastBranch":0,"lastFunction":0,"lastStatement":5,"seen":{"s:12:45:47:Infinity":0,"s:51:52:90:Infinity":1,"s:94:61:170:Infinity":2,"s:174:56:177:Infinity":3,"s:182:30:186:Infinity":4}}}
,"C:\\Users\\chunghsien\\Desktop\\Vibe\\LoTR\\src\\engine\\cardAbilities.ts": {"path":"C:\\Users\\chunghsien\\Desktop\\Vibe\\LoTR\\src\\engine\\cardAbilities.ts","statementMap":{"0":{"start":{"line":118,"column":52},"end":{"line":118,"column":null}},"1":{"start":{"line":121,"column":21},"end":{"line":121,"column":null}},"2":{"start":{"line":122,"column":4},"end":{"line":122,"column":null}},"3":{"start":{"line":123,"column":4},"end":{"line":123,"column":null}},"4":{"start":{"line":127,"column":4},"end":{"line":127,"column":null}},"5":{"start":{"line":131,"column":4},"end":{"line":131,"column":null}},"6":{"start":{"line":135,"column":4},"end":{"line":138,"column":null}},"7":{"start":{"line":136,"column":22},"end":{"line":136,"column":null}},"8":{"start":{"line":136,"column":44},"end":{"line":136,"column":62}},"9":{"start":{"line":137,"column":8},"end":{"line":137,"column":null}},"10":{"start":{"line":137,"column":19},"end":{"line":137,"column":null}},"11":{"start":{"line":139,"column":4},"end":{"line":139,"column":null}},"12":{"start":{"line":145,"column":4},"end":{"line":145,"column":null}},"13":{"start":{"line":145,"column":37},"end":{"line":145,"column":54}},"14":{"start":{"line":149,"column":4},"end":{"line":154,"column":null}},"15":{"start":{"line":152,"column":12},"end":{"line":152,"column":null}},"16":{"start":{"line":158,"column":4},"end":{"line":158,"column":null}},"17":{"start":{"line":158,"column":37},"end":{"line":158,"column":56}},"18":{"start":{"line":162,"column":4},"end":{"line":164,"column":null}},"19":{"start":{"line":163,"column":8},"end":{"line":163,"column":null}},"20":{"start":{"line":175,"column":19},"end":{"line":175,"column":null}},"21":{"start":{"line":176,"column":4},"end":{"line":176,"column":null}},"22":{"start":{"line":176,"column":17},"end":{"line":176,"column":null}},"23":{"start":{"line":178,"column":17},"end":{"line":178,"column":null}},"24":{"start":{"line":179,"column":4},"end":{"line":179,"column":null}},"25":{"start":{"line":179,"column":15},"end":{"line":179,"column":null}},"26":{"start":{"line":182,"column":4},"end":{"line":187,"column":null}},"27":{"start":{"line":183,"column":21},"end":{"line":183,"column":null}},"28":{"start":{"line":184,"column":8},"end":{"line":186,"column":null}},"29":{"start":{"line":185,"column":12},"end":{"line":185,"column":null}},"30":{"start":{"line":190,"column":4},"end":{"line":198,"column":null}},"31":{"start":{"line":191,"column":25},"end":{"line":191,"column":null}},"32":{"start":{"line":192,"column":8},"end":{"line":197,"column":null}},"33":{"start":{"line":193,"column":25},"end":{"line":193,"column":null}},"34":{"start":{"line":194,"column":12},"end":{"line":196,"column":null}},"35":{"start":{"line":195,"column":16},"end":{"line":195,"column":null}},"36":{"start":{"line":200,"column":4},"end":{"line":200,"column":null}},"37":{"start":{"line":211,"column":19},"end":{"line":211,"column":null}},"38":{"start":{"line":212,"column":4},"end":{"line":212,"column":null}},"39":{"start":{"line":212,"column":17},"end":{"line":212,"column":null}},"40":{"start":{"line":214,"column":17},"end":{"line":214,"column":null}},"41":{"start":{"line":215,"column":4},"end":{"line":215,"column":null}},"42":{"start":{"line":215,"column":15},"end":{"line":215,"column":null}},"43":{"start":{"line":217,"column":24},"end":{"line":217,"column":null}},"44":{"start":{"line":220,"column":4},"end":{"line":224,"column":null}},"45":{"start":{"line":221,"column":8},"end":{"line":223,"column":null}},"46":{"start":{"line":222,"column":12},"end":{"line":222,"column":null}},"47":{"start":{"line":227,"column":4},"end":{"line":234,"column":null}},"48":{"start":{"line":228,"column":25},"end":{"line":228,"column":null}},"49":{"start":{"line":229,"column":8},"end":{"line":233,"column":null}},"50":{"start":{"line":230,"column":12},"end":{"line":232,"column":null}},"51":{"start":{"line":231,"column":16},"end":{"line":231,"column":null}},"52":{"start":{"line":236,"column":4},"end":{"line":236,"column":null}},"53":{"start":{"line":242,"column":55},"end":{"line":242,"column":null}},"54":{"start":{"line":245,"column":4},"end":{"line":245,"column":null}},"55":{"start":{"line":252,"column":4},"end":{"line":252,"column":null}},"56":{"start":{"line":252,"column":39},"end":{"line":252,"column":null}},"57":{"start":{"line":254,"column":16},"end":{"line":254,"column":null}},"58":{"start":{"line":255,"column":18},"end":{"line":255,"column":null}},"59":{"start":{"line":257,"column":4},"end":{"line":257,"column":null}},"60":{"start":{"line":257,"column":16},"end":{"line":257,"column":null}},"61":{"start":{"line":259,"column":4},"end":{"line":261,"column":null}},"62":{"start":{"line":260,"column":8},"end":{"line":260,"column":null}},"63":{"start":{"line":263,"column":4},"end":{"line":265,"column":null}},"64":{"start":{"line":264,"column":8},"end":{"line":264,"column":null}},"65":{"start":{"line":267,"column":4},"end":{"line":267,"column":null}},"66":{"start":{"line":271,"column":16},"end":{"line":271,"column":null}},"67":{"start":{"line":272,"column":4},"end":{"line":276,"column":null}},"68":{"start":{"line":280,"column":4},"end":{"line":282,"column":null}},"69":{"start":{"line":281,"column":8},"end":{"line":281,"column":null}},"70":{"start":{"line":286,"column":4},"end":{"line":286,"column":null}},"71":{"start":{"line":298,"column":51},"end":{"line":298,"column":null}},"72":{"start":{"line":301,"column":21},"end":{"line":301,"column":null}},"73":{"start":{"line":302,"column":4},"end":{"line":302,"column":null}},"74":{"start":{"line":303,"column":4},"end":{"line":303,"column":null}},"75":{"start":{"line":307,"column":4},"end":{"line":307,"column":null}},"76":{"start":{"line":311,"column":4},"end":{"line":311,"column":null}},"77":{"start":{"line":320,"column":22},"end":{"line":320,"column":null}},"78":{"start":{"line":321,"column":16},"end":{"line":321,"column":null}},"79":{"start":{"line":323,"column":4},"end":{"line":327,"column":null}},"80":{"start":{"line":324,"column":8},"end":{"line":324,"column":null}},"81":{"start":{"line":324,"column":35},"end":{"line":324,"column":null}},"82":{"start":{"line":325,"column":8},"end":{"line":325,"column":null}},"83":{"start":{"line":325,"column":62},"end":{"line":325,"column":null}},"84":{"start":{"line":326,"column":8},"end":{"line":326,"column":null}},"85":{"start":{"line":329,"column":4},"end":{"line":329,"column":null}},"86":{"start":{"line":341,"column":19},"end":{"line":341,"column":null}},"87":{"start":{"line":342,"column":4},"end":{"line":344,"column":null}},"88":{"start":{"line":343,"column":8},"end":{"line":343,"column":null}},"89":{"start":{"line":346,"column":19},"end":{"line":346,"column":null}},"90":{"start":{"line":347,"column":27},"end":{"line":347,"column":null}},"91":{"start":{"line":350,"column":4},"end":{"line":374,"column":null}},"92":{"start":{"line":351,"column":8},"end":{"line":361,"column":null}},"93":{"start":{"line":353,"column":12},"end":{"line":360,"column":null}},"94":{"start":{"line":364,"column":8},"end":{"line":366,"column":null}},"95":{"start":{"line":365,"column":12},"end":{"line":365,"column":null}},"96":{"start":{"line":368,"column":29},"end":{"line":368,"column":null}},"97":{"start":{"line":369,"column":43},"end":{"line":372,"column":null}},"98":{"start":{"line":373,"column":8},"end":{"line":373,"column":null}},"99":{"start":{"line":376,"column":20},"end":{"line":376,"column":null}},"100":{"start":{"line":378,"column":4},"end":{"line":487,"column":null}},"101":{"start":{"line":380,"column":29},"end":{"line":380,"column":null}},"102":{"start":{"line":381,"column":12},"end":{"line":386,"column":null}},"103":{"start":{"line":382,"column":38},"end":{"line":382,"column":null}},"104":{"start":{"line":383,"column":16},"end":{"line":383,"column":null}},"105":{"start":{"line":384,"column":29},"end":{"line":384,"column":null}},"106":{"start":{"line":385,"column":16},"end":{"line":385,"column":null}},"107":{"start":{"line":387,"column":12},"end":{"line":387,"column":null}},"108":{"start":{"line":391,"column":27},"end":{"line":391,"column":null}},"109":{"start":{"line":392,"column":12},"end":{"line":401,"column":null}},"110":{"start":{"line":393,"column":38},"end":{"line":397,"column":null}},"111":{"start":{"line":394,"column":20},"end":{"line":396,"column":null}},"112":{"start":{"line":398,"column":16},"end":{"line":398,"column":null}},"113":{"start":{"line":399,"column":29},"end":{"line":399,"column":null}},"114":{"start":{"line":400,"column":16},"end":{"line":400,"column":null}},"115":{"start":{"line":402,"column":12},"end":{"line":402,"column":null}},"116":{"start":{"line":406,"column":27},"end":{"line":406,"column":null}},"117":{"start":{"line":407,"column":31},"end":{"line":407,"column":null}},"118":{"start":{"line":408,"column":34},"end":{"line":408,"column":null}},"119":{"start":{"line":409,"column":12},"end":{"line":412,"column":null}},"120":{"start":{"line":413,"column":12},"end":{"line":413,"column":null}},"121":{"start":{"line":414,"column":12},"end":{"line":414,"column":null}},"122":{"start":{"line":418,"column":27},"end":{"line":418,"column":null}},"123":{"start":{"line":420,"column":12},"end":{"line":448,"column":null}},"124":{"start":{"line":422,"column":16},"end":{"line":422,"column":null}},"125":{"start":{"line":425,"column":16},"end":{"line":447,"column":null}},"126":{"start":{"line":426,"column":43},"end":{"line":428,"column":null}},"127":{"start":{"line":427,"column":24},"end":{"line":427,"column":null}},"128":{"start":{"line":431,"column":34},"end":{"line":431,"column":null}},"129":{"start":{"line":432,"column":36},"end":{"line":432,"column":null}},"130":{"start":{"line":434,"column":20},"end":{"line":446,"column":null}},"131":{"start":{"line":435,"column":24},"end":{"line":435,"column":null}},"132":{"start":{"line":436,"column":24},"end":{"line":438,"column":null}},"133":{"start":{"line":437,"column":76},"end":{"line":437,"column":83}},"134":{"start":{"line":439,"column":24},"end":{"line":442,"column":null}},"135":{"start":{"line":444,"column":24},"end":{"line":444,"column":null}},"136":{"start":{"line":445,"column":24},"end":{"line":445,"column":null}},"137":{"start":{"line":449,"column":12},"end":{"line":449,"column":null}},"138":{"start":{"line":453,"column":27},"end":{"line":453,"column":null}},"139":{"start":{"line":454,"column":30},"end":{"line":454,"column":null}},"140":{"start":{"line":455,"column":12},"end":{"line":455,"column":null}},"141":{"start":{"line":456,"column":12},"end":{"line":456,"column":null}},"142":{"start":{"line":457,"column":12},"end":{"line":457,"column":null}},"143":{"start":{"line":461,"column":27},"end":{"line":461,"column":null}},"144":{"start":{"line":462,"column":12},"end":{"line":465,"column":null}},"145":{"start":{"line":466,"column":12},"end":{"line":466,"column":null}},"146":{"start":{"line":467,"column":12},"end":{"line":467,"column":null}},"147":{"start":{"line":473,"column":12},"end":{"line":481,"column":null}},"148":{"start":{"line":474,"column":16},"end":{"line":478,"column":null}},"149":{"start":{"line":479,"column":29},"end":{"line":479,"column":null}},"150":{"start":{"line":480,"column":16},"end":{"line":480,"column":null}},"151":{"start":{"line":482,"column":12},"end":{"line":482,"column":null}},"152":{"start":{"line":486,"column":12},"end":{"line":486,"column":null}},"153":{"start":{"line":489,"column":4},"end":{"line":493,"column":null}},"154":{"start":{"line":506,"column":20},"end":{"line":506,"column":null}},"155":{"start":{"line":507,"column":4},"end":{"line":509,"column":null}},"156":{"start":{"line":508,"column":8},"end":{"line":508,"column":null}},"157":{"start":{"line":512,"column":23},"end":{"line":512,"column":null}},"158":{"start":{"line":513,"column":4},"end":{"line":515,"column":null}},"159":{"start":{"line":514,"column":8},"end":{"line":514,"column":null}},"160":{"start":{"line":518,"column":22},"end":{"line":518,"column":null}},"161":{"start":{"line":519,"column":4},"end":{"line":521,"column":null}},"162":{"start":{"line":520,"column":8},"end":{"line":520,"column":null}},"163":{"start":{"line":524,"column":20},"end":{"line":524,"column":null}},"164":{"start":{"line":527,"column":19},"end":{"line":533,"column":null}},"165":{"start":{"line":536,"column":4},"end":{"line":538,"column":null}},"166":{"start":{"line":537,"column":8},"end":{"line":537,"column":null}},"167":{"start":{"line":540,"column":4},"end":{"line":540,"column":null}},"168":{"start":{"line":551,"column":19},"end":{"line":551,"column":null}},"169":{"start":{"line":552,"column":4},"end":{"line":552,"column":null}},"170":{"start":{"line":552,"column":17},"end":{"line":552,"column":null}},"171":{"start":{"line":554,"column":37},"end":{"line":554,"column":null}},"172":{"start":{"line":557,"column":4},"end":{"line":568,"column":null}},"173":{"start":{"line":558,"column":26},"end":{"line":558,"column":null}},"174":{"start":{"line":559,"column":8},"end":{"line":567,"column":null}},"175":{"start":{"line":560,"column":12},"end":{"line":560,"column":null}},"176":{"start":{"line":560,"column":45},"end":{"line":560,"column":null}},"177":{"start":{"line":561,"column":12},"end":{"line":561,"column":null}},"178":{"start":{"line":561,"column":83},"end":{"line":561,"column":null}},"179":{"start":{"line":563,"column":31},"end":{"line":563,"column":null}},"180":{"start":{"line":564,"column":12},"end":{"line":564,"column":null}},"181":{"start":{"line":564,"column":36},"end":{"line":564,"column":null}},"182":{"start":{"line":566,"column":12},"end":{"line":566,"column":null}},"183":{"start":{"line":573,"column":4},"end":{"line":573,"column":null}},"184":{"start":{"line":579,"column":19},"end":{"line":579,"column":null}},"185":{"start":{"line":580,"column":4},"end":{"line":580,"column":null}},"186":{"start":{"line":580,"column":17},"end":{"line":580,"column":null}},"187":{"start":{"line":583,"column":4},"end":{"line":602,"column":null}},"188":{"start":{"line":584,"column":8},"end":{"line":584,"column":null}},"189":{"start":{"line":587,"column":8},"end":{"line":601,"column":null}},"190":{"start":{"line":588,"column":30},"end":{"line":588,"column":null}},"191":{"start":{"line":589,"column":12},"end":{"line":600,"column":null}},"192":{"start":{"line":590,"column":16},"end":{"line":590,"column":null}},"193":{"start":{"line":590,"column":48},"end":{"line":590,"column":null}},"194":{"start":{"line":593,"column":16},"end":{"line":599,"column":null}},"195":{"start":{"line":594,"column":20},"end":{"line":598,"column":null}},"196":{"start":{"line":612,"column":0},"end":{"line":627,"column":null}},"197":{"start":{"line":633,"column":0},"end":{"line":646,"column":null}},"198":{"start":{"line":652,"column":0},"end":{"line":670,"column":null}},"199":{"start":{"line":667,"column":8},"end":{"line":668,"column":null}},"200":{"start":{"line":675,"column":0},"end":{"line":691,"column":null}},"201":{"start":{"line":696,"column":0},"end":{"line":709,"column":null}},"202":{"start":{"line":715,"column":0},"end":{"line":728,"column":null}},"203":{"start":{"line":730,"column":0},"end":{"line":748,"column":null}},"204":{"start":{"line":745,"column":23},"end":{"line":745,"column":null}},"205":{"start":{"line":746,"column":8},"end":{"line":746,"column":null}},"206":{"start":{"line":754,"column":0},"end":{"line":775,"column":null}},"207":{"start":{"line":786,"column":19},"end":{"line":786,"column":null}},"208":{"start":{"line":787,"column":4},"end":{"line":787,"column":null}},"209":{"start":{"line":787,"column":17},"end":{"line":787,"column":null}},"210":{"start":{"line":789,"column":18},"end":{"line":789,"column":null}},"211":{"start":{"line":789,"column":44},"end":{"line":789,"column":62}},"212":{"start":{"line":790,"column":4},"end":{"line":790,"column":null}},"213":{"start":{"line":790,"column":16},"end":{"line":790,"column":null}},"214":{"start":{"line":792,"column":4},"end":{"line":792,"column":null}},"215":{"start":{"line":799,"column":19},"end":{"line":799,"column":null}},"216":{"start":{"line":800,"column":4},"end":{"line":800,"column":null}},"217":{"start":{"line":800,"column":17},"end":{"line":800,"column":null}},"218":{"start":{"line":802,"column":17},"end":{"line":802,"column":null}},"219":{"start":{"line":803,"column":4},"end":{"line":803,"column":null}},"220":{"start":{"line":803,"column":15},"end":{"line":803,"column":null}},"221":{"start":{"line":805,"column":21},"end":{"line":805,"column":null}},"222":{"start":{"line":808,"column":4},"end":{"line":810,"column":null}},"223":{"start":{"line":809,"column":8},"end":{"line":809,"column":null}},"224":{"start":{"line":813,"column":22},"end":{"line":813,"column":null}},"225":{"start":{"line":814,"column":4},"end":{"line":819,"column":null}},"226":{"start":{"line":815,"column":8},"end":{"line":818,"column":null}},"227":{"start":{"line":816,"column":12},"end":{"line":816,"column":null}},"228":{"start":{"line":816,"column":66},"end":{"line":816,"column":null}},"229":{"start":{"line":817,"column":12},"end":{"line":817,"column":null}},"230":{"start":{"line":821,"column":4},"end":{"line":821,"column":null}},"231":{"start":{"line":828,"column":19},"end":{"line":828,"column":null}},"232":{"start":{"line":829,"column":4},"end":{"line":829,"column":null}},"233":{"start":{"line":829,"column":17},"end":{"line":829,"column":null}},"234":{"start":{"line":831,"column":17},"end":{"line":831,"column":null}},"235":{"start":{"line":832,"column":4},"end":{"line":832,"column":null}},"236":{"start":{"line":832,"column":15},"end":{"line":832,"column":null}},"237":{"start":{"line":834,"column":24},"end":{"line":834,"column":null}},"238":{"start":{"line":837,"column":22},"end":{"line":837,"column":null}},"239":{"start":{"line":838,"column":4},"end":{"line":843,"column":null}},"240":{"start":{"line":839,"column":8},"end":{"line":842,"column":null}},"241":{"start":{"line":840,"column":12},"end":{"line":840,"column":null}},"242":{"start":{"line":840,"column":66},"end":{"line":840,"column":null}},"243":{"start":{"line":841,"column":12},"end":{"line":841,"column":null}},"244":{"start":{"line":845,"column":4},"end":{"line":845,"column":null}},"245":{"start":{"line":852,"column":19},"end":{"line":852,"column":null}},"246":{"start":{"line":853,"column":4},"end":{"line":853,"column":null}},"247":{"start":{"line":853,"column":17},"end":{"line":853,"column":null}},"248":{"start":{"line":855,"column":17},"end":{"line":855,"column":null}},"249":{"start":{"line":856,"column":4},"end":{"line":856,"column":null}},"250":{"start":{"line":856,"column":15},"end":{"line":856,"column":null}},"251":{"start":{"line":858,"column":22},"end":{"line":858,"column":null}},"252":{"start":{"line":861,"column":22},"end":{"line":861,"column":null}},"253":{"start":{"line":862,"column":4},"end":{"line":867,"column":null}},"254":{"start":{"line":863,"column":8},"end":{"line":866,"column":null}},"255":{"start":{"line":864,"column":12},"end":{"line":864,"column":null}},"256":{"start":{"line":864,"column":66},"end":{"line":864,"column":null}},"257":{"start":{"line":865,"column":12},"end":{"line":865,"column":null}},"258":{"start":{"line":869,"column":4},"end":{"line":869,"column":null}}},"fnMap":{"0":{"name":"registerAbility","decl":{"start":{"line":120,"column":16},"end":{"line":120,"column":32}},"loc":{"start":{"line":120,"column":60},"end":{"line":124,"column":null}},"line":120},"1":{"name":"getAbilities","decl":{"start":{"line":126,"column":16},"end":{"line":126,"column":29}},"loc":{"start":{"line":126,"column":62},"end":{"line":128,"column":null}},"line":126},"2":{"name":"hasAbilities","decl":{"start":{"line":130,"column":16},"end":{"line":130,"column":29}},"loc":{"start":{"line":130,"column":56},"end":{"line":132,"column":null}},"line":130},"3":{"name":"getAbilityById","decl":{"start":{"line":134,"column":16},"end":{"line":134,"column":31}},"loc":{"start":{"line":134,"column":75},"end":{"line":140,"column":null}},"line":134},"4":{"name":"(anonymous_4)","decl":{"start":{"line":136,"column":37},"end":{"line":136,"column":38}},"loc":{"start":{"line":136,"column":44},"end":{"line":136,"column":62}},"line":136},"5":{"name":"getPlayer","decl":{"start":{"line":144,"column":9},"end":{"line":144,"column":19}},"loc":{"start":{"line":144,"column":80},"end":{"line":146,"column":null}},"line":144},"6":{"name":"(anonymous_6)","decl":{"start":{"line":145,"column":30},"end":{"line":145,"column":31}},"loc":{"start":{"line":145,"column":37},"end":{"line":145,"column":54}},"line":145},"7":{"name":"updatePlayer","decl":{"start":{"line":148,"column":9},"end":{"line":148,"column":22}},"loc":{"start":{"line":148,"column":100},"end":{"line":155,"column":null}},"line":148},"8":{"name":"(anonymous_8)","decl":{"start":{"line":151,"column":35},"end":{"line":151,"column":36}},"loc":{"start":{"line":152,"column":12},"end":{"line":152,"column":null}},"line":152},"9":{"name":"findHeroByCode","decl":{"start":{"line":157,"column":9},"end":{"line":157,"column":24}},"loc":{"start":{"line":157,"column":81},"end":{"line":159,"column":null}},"line":157},"10":{"name":"(anonymous_10)","decl":{"start":{"line":158,"column":30},"end":{"line":158,"column":31}},"loc":{"start":{"line":158,"column":37},"end":{"line":158,"column":56}},"line":158},"11":{"name":"updateHero","decl":{"start":{"line":161,"column":9},"end":{"line":161,"column":20}},"loc":{"start":{"line":161,"column":91},"end":{"line":165,"column":null}},"line":161},"12":{"name":"(anonymous_12)","decl":{"start":{"line":162,"column":29},"end":{"line":162,"column":30}},"loc":{"start":{"line":163,"column":8},"end":{"line":163,"column":null}},"line":163},"13":{"name":"canPayAbilityCost","decl":{"start":{"line":169,"column":16},"end":{"line":169,"column":null}},"loc":{"start":{"line":174,"column":40},"end":{"line":201,"column":null}},"line":174},"14":{"name":"payAbilityCost","decl":{"start":{"line":205,"column":16},"end":{"line":205,"column":null}},"loc":{"start":{"line":210,"column":13},"end":{"line":237,"column":null}},"line":210},"15":{"name":"(anonymous_15)","decl":{"start":{"line":221,"column":42},"end":{"line":221,"column":43}},"loc":{"start":{"line":222,"column":12},"end":{"line":222,"column":null}},"line":222},"16":{"name":"(anonymous_16)","decl":{"start":{"line":230,"column":46},"end":{"line":230,"column":47}},"loc":{"start":{"line":231,"column":16},"end":{"line":231,"column":null}},"line":231},"17":{"name":"getUsageKey","decl":{"start":{"line":244,"column":9},"end":{"line":244,"column":21}},"loc":{"start":{"line":244,"column":66},"end":{"line":246,"column":null}},"line":244},"18":{"name":"canUseAbility","decl":{"start":{"line":248,"column":16},"end":{"line":248,"column":null}},"loc":{"start":{"line":251,"column":40},"end":{"line":268,"column":null}},"line":251},"19":{"name":"markAbilityUsed","decl":{"start":{"line":270,"column":16},"end":{"line":270,"column":32}},"loc":{"start":{"line":270,"column":78},"end":{"line":277,"column":null}},"line":270},"20":{"name":"resetPhaseAbilities","decl":{"start":{"line":279,"column":16},"end":{"line":279,"column":44}},"loc":{"start":{"line":279,"column":44},"end":{"line":283,"column":null}},"line":279},"21":{"name":"resetRoundAbilities","decl":{"start":{"line":285,"column":16},"end":{"line":285,"column":44}},"loc":{"start":{"line":285,"column":44},"end":{"line":287,"column":null}},"line":285},"22":{"name":"registerStatModifier","decl":{"start":{"line":300,"column":16},"end":{"line":300,"column":37}},"loc":{"start":{"line":300,"column":85},"end":{"line":304,"column":null}},"line":300},"23":{"name":"clearStatModifiers","decl":{"start":{"line":306,"column":16},"end":{"line":306,"column":35}},"loc":{"start":{"line":306,"column":59},"end":{"line":308,"column":null}},"line":306},"24":{"name":"getStatModifiers","decl":{"start":{"line":310,"column":16},"end":{"line":310,"column":33}},"loc":{"start":{"line":310,"column":67},"end":{"line":312,"column":null}},"line":310},"25":{"name":"calculateModifiedStat","decl":{"start":{"line":314,"column":16},"end":{"line":314,"column":null}},"loc":{"start":{"line":319,"column":10},"end":{"line":330,"column":null}},"line":319},"26":{"name":"resolveAbilityEffect","decl":{"start":{"line":334,"column":16},"end":{"line":334,"column":null}},"loc":{"start":{"line":340,"column":17},"end":{"line":494,"column":null}},"line":340},"27":{"name":"(anonymous_27)","decl":{"start":{"line":393,"column":56},"end":{"line":393,"column":57}},"loc":{"start":{"line":394,"column":20},"end":{"line":396,"column":null}},"line":394},"28":{"name":"(anonymous_28)","decl":{"start":{"line":426,"column":69},"end":{"line":426,"column":70}},"loc":{"start":{"line":427,"column":24},"end":{"line":427,"column":null}},"line":427},"29":{"name":"(anonymous_29)","decl":{"start":{"line":437,"column":66},"end":{"line":437,"column":67}},"loc":{"start":{"line":437,"column":76},"end":{"line":437,"column":83}},"line":437},"30":{"name":"activateAbility","decl":{"start":{"line":498,"column":16},"end":{"line":498,"column":null}},"loc":{"start":{"line":505,"column":17},"end":{"line":541,"column":null}},"line":505},"31":{"name":"getTriggeredAbilities","decl":{"start":{"line":545,"column":16},"end":{"line":545,"column":null}},"loc":{"start":{"line":550,"column":17},"end":{"line":574,"column":null}},"line":550},"32":{"name":"applyPassiveAbilities","decl":{"start":{"line":578,"column":16},"end":{"line":578,"column":38}},"loc":{"start":{"line":578,"column":80},"end":{"line":603,"column":null}},"line":578},"33":{"name":"(anonymous_33)","decl":{"start":{"line":665,"column":15},"end":{"line":665,"column":16}},"loc":{"start":{"line":665,"column":47},"end":{"line":669,"column":null}},"line":665},"34":{"name":"(anonymous_34)","decl":{"start":{"line":743,"column":15},"end":{"line":743,"column":16}},"loc":{"start":{"line":743,"column":47},"end":{"line":747,"column":null}},"line":743},"35":{"name":"getGimliAttackBonus","decl":{"start":{"line":785,"column":16},"end":{"line":785,"column":36}},"loc":{"start":{"line":785,"column":80},"end":{"line":793,"column":null}},"line":785},"36":{"name":"(anonymous_36)","decl":{"start":{"line":789,"column":37},"end":{"line":789,"column":38}},"loc":{"start":{"line":789,"column":44},"end":{"line":789,"column":62}},"line":789},"37":{"name":"getEffectiveAttack","decl":{"start":{"line":798,"column":16},"end":{"line":798,"column":35}},"loc":{"start":{"line":798,"column":97},"end":{"line":822,"column":null}},"line":798},"38":{"name":"getEffectiveWillpower","decl":{"start":{"line":827,"column":16},"end":{"line":827,"column":38}},"loc":{"start":{"line":827,"column":100},"end":{"line":846,"column":null}},"line":827},"39":{"name":"getEffectiveDefense","decl":{"start":{"line":851,"column":16},"end":{"line":851,"column":36}},"loc":{"start":{"line":851,"column":98},"end":{"line":870,"column":null}},"line":851}},"branchMap":{"0":{"loc":{"start":{"line":121,"column":21},"end":{"line":121,"column":null}},"type":"binary-expr","locations":[{"start":{"line":121,"column":21},"end":{"line":121,"column":62}},{"start":{"line":121,"column":62},"end":{"line":121,"column":null}}],"line":121},"1":{"loc":{"start":{"line":127,"column":11},"end":{"line":127,"column":null}},"type":"binary-expr","locations":[{"start":{"line":127,"column":11},"end":{"line":127,"column":44}},{"start":{"line":127,"column":44},"end":{"line":127,"column":null}}],"line":127},"2":{"loc":{"start":{"line":131,"column":11},"end":{"line":131,"column":null}},"type":"binary-expr","locations":[{"start":{"line":131,"column":11},"end":{"line":131,"column":45}},{"start":{"line":131,"column":39},"end":{"line":131,"column":null}}],"line":131},"3":{"loc":{"start":{"line":131,"column":45},"end":{"line":131,"column":91}},"type":"binary-expr","locations":[{"start":{"line":131,"column":45},"end":{"line":131,"column":86}},{"start":{"line":131,"column":86},"end":{"line":131,"column":91}}],"line":131},"4":{"loc":{"start":{"line":137,"column":8},"end":{"line":137,"column":null}},"type":"if","locations":[{"start":{"line":137,"column":8},"end":{"line":137,"column":null}},{"start":{},"end":{}}],"line":137},"5":{"loc":{"start":{"line":152,"column":12},"end":{"line":152,"column":null}},"type":"cond-expr","locations":[{"start":{"line":152,"column":32},"end":{"line":152,"column":55}},{"start":{"line":152,"column":55},"end":{"line":152,"column":null}}],"line":152},"6":{"loc":{"start":{"line":163,"column":8},"end":{"line":163,"column":null}},"type":"cond-expr","locations":[{"start":{"line":163,"column":30},"end":{"line":163,"column":53}},{"start":{"line":163,"column":53},"end":{"line":163,"column":null}}],"line":163},"7":{"loc":{"start":{"line":176,"column":4},"end":{"line":176,"column":null}},"type":"if","locations":[{"start":{"line":176,"column":4},"end":{"line":176,"column":null}},{"start":{},"end":{}}],"line":176},"8":{"loc":{"start":{"line":179,"column":4},"end":{"line":179,"column":null}},"type":"if","locations":[{"start":{"line":179,"column":4},"end":{"line":179,"column":null}},{"start":{},"end":{}}],"line":179},"9":{"loc":{"start":{"line":182,"column":4},"end":{"line":187,"column":null}},"type":"if","locations":[{"start":{"line":182,"column":4},"end":{"line":187,"column":null}},{"start":{},"end":{}}],"line":182},"10":{"loc":{"start":{"line":182,"column":8},"end":{"line":182,"column":44}},"type":"binary-expr","locations":[{"start":{"line":182,"column":8},"end":{"line":182,"column":28}},{"start":{"line":182,"column":28},"end":{"line":182,"column":44}}],"line":182},"11":{"loc":{"start":{"line":184,"column":8},"end":{"line":186,"column":null}},"type":"if","locations":[{"start":{"line":184,"column":8},"end":{"line":186,"column":null}},{"start":{},"end":{}}],"line":184},"12":{"loc":{"start":{"line":190,"column":4},"end":{"line":198,"column":null}},"type":"if","locations":[{"start":{"line":190,"column":4},"end":{"line":198,"column":null}},{"start":{},"end":{}}],"line":190},"13":{"loc":{"start":{"line":190,"column":8},"end":{"line":190,"column":46}},"type":"binary-expr","locations":[{"start":{"line":190,"column":8},"end":{"line":190,"column":26}},{"start":{"line":190,"column":26},"end":{"line":190,"column":46}}],"line":190},"14":{"loc":{"start":{"line":191,"column":25},"end":{"line":191,"column":null}},"type":"binary-expr","locations":[{"start":{"line":191,"column":25},"end":{"line":191,"column":51}},{"start":{"line":191,"column":51},"end":{"line":191,"column":null}}],"line":191},"15":{"loc":{"start":{"line":192,"column":8},"end":{"line":197,"column":null}},"type":"if","locations":[{"start":{"line":192,"column":8},"end":{"line":197,"column":null}},{"start":{},"end":{}}],"line":192},"16":{"loc":{"start":{"line":194,"column":12},"end":{"line":196,"column":null}},"type":"if","locations":[{"start":{"line":194,"column":12},"end":{"line":196,"column":null}},{"start":{},"end":{}}],"line":194},"17":{"loc":{"start":{"line":194,"column":16},"end":{"line":194,"column":58}},"type":"binary-expr","locations":[{"start":{"line":194,"column":16},"end":{"line":194,"column":25}},{"start":{"line":194,"column":25},"end":{"line":194,"column":58}}],"line":194},"18":{"loc":{"start":{"line":212,"column":4},"end":{"line":212,"column":null}},"type":"if","locations":[{"start":{"line":212,"column":4},"end":{"line":212,"column":null}},{"start":{},"end":{}}],"line":212},"19":{"loc":{"start":{"line":215,"column":4},"end":{"line":215,"column":null}},"type":"if","locations":[{"start":{"line":215,"column":4},"end":{"line":215,"column":null}},{"start":{},"end":{}}],"line":215},"20":{"loc":{"start":{"line":220,"column":4},"end":{"line":224,"column":null}},"type":"if","locations":[{"start":{"line":220,"column":4},"end":{"line":224,"column":null}},{"start":{},"end":{}}],"line":220},"21":{"loc":{"start":{"line":220,"column":8},"end":{"line":220,"column":44}},"type":"binary-expr","locations":[{"start":{"line":220,"column":8},"end":{"line":220,"column":28}},{"start":{"line":220,"column":28},"end":{"line":220,"column":44}}],"line":220},"22":{"loc":{"start":{"line":222,"column":12},"end":{"line":222,"column":null}},"type":"cond-expr","locations":[{"start":{"line":222,"column":40},"end":{"line":222,"column":68}},{"start":{"line":222,"column":68},"end":{"line":222,"column":null}}],"line":222},"23":{"loc":{"start":{"line":227,"column":4},"end":{"line":234,"column":null}},"type":"if","locations":[{"start":{"line":227,"column":4},"end":{"line":234,"column":null}},{"start":{},"end":{}}],"line":227},"24":{"loc":{"start":{"line":227,"column":8},"end":{"line":227,"column":46}},"type":"binary-expr","locations":[{"start":{"line":227,"column":8},"end":{"line":227,"column":26}},{"start":{"line":227,"column":26},"end":{"line":227,"column":46}}],"line":227},"25":{"loc":{"start":{"line":228,"column":25},"end":{"line":228,"column":null}},"type":"binary-expr","locations":[{"start":{"line":228,"column":25},"end":{"line":228,"column":51}},{"start":{"line":228,"column":51},"end":{"line":228,"column":null}}],"line":228},"26":{"loc":{"start":{"line":229,"column":8},"end":{"line":233,"column":null}},"type":"if","locations":[{"start":{"line":229,"column":8},"end":{"line":233,"column":null}},{"start":{},"end":{}}],"line":229},"27":{"loc":{"start":{"line":231,"column":16},"end":{"line":231,"column":null}},"type":"cond-expr","locations":[{"start":{"line":231,"column":38},"end":{"line":231,"column":91}},{"start":{"line":231,"column":91},"end":{"line":231,"column":null}}],"line":231},"28":{"loc":{"start":{"line":252,"column":4},"end":{"line":252,"column":null}},"type":"if","locations":[{"start":{"line":252,"column":4},"end":{"line":252,"column":null}},{"start":{},"end":{}}],"line":252},"29":{"loc":{"start":{"line":257,"column":4},"end":{"line":257,"column":null}},"type":"if","locations":[{"start":{"line":257,"column":4},"end":{"line":257,"column":null}},{"start":{},"end":{}}],"line":257},"30":{"loc":{"start":{"line":259,"column":4},"end":{"line":261,"column":null}},"type":"if","locations":[{"start":{"line":259,"column":4},"end":{"line":261,"column":null}},{"start":{},"end":{}}],"line":259},"31":{"loc":{"start":{"line":259,"column":8},"end":{"line":259,"column":67}},"type":"binary-expr","locations":[{"start":{"line":259,"column":8},"end":{"line":259,"column":46}},{"start":{"line":259,"column":46},"end":{"line":259,"column":67}}],"line":259},"32":{"loc":{"start":{"line":263,"column":4},"end":{"line":265,"column":null}},"type":"if","locations":[{"start":{"line":263,"column":4},"end":{"line":265,"column":null}},{"start":{},"end":{}}],"line":263},"33":{"loc":{"start":{"line":263,"column":8},"end":{"line":263,"column":67}},"type":"binary-expr","locations":[{"start":{"line":263,"column":8},"end":{"line":263,"column":46}},{"start":{"line":263,"column":46},"end":{"line":263,"column":67}}],"line":263},"34":{"loc":{"start":{"line":301,"column":21},"end":{"line":301,"column":null}},"type":"binary-expr","locations":[{"start":{"line":301,"column":21},"end":{"line":301,"column":52}},{"start":{"line":301,"column":52},"end":{"line":301,"column":null}}],"line":301},"35":{"loc":{"start":{"line":311,"column":11},"end":{"line":311,"column":null}},"type":"binary-expr","locations":[{"start":{"line":311,"column":11},"end":{"line":311,"column":42}},{"start":{"line":311,"column":42},"end":{"line":311,"column":null}}],"line":311},"36":{"loc":{"start":{"line":324,"column":8},"end":{"line":324,"column":null}},"type":"if","locations":[{"start":{"line":324,"column":8},"end":{"line":324,"column":null}},{"start":{},"end":{}}],"line":324},"37":{"loc":{"start":{"line":325,"column":8},"end":{"line":325,"column":null}},"type":"if","locations":[{"start":{"line":325,"column":8},"end":{"line":325,"column":null}},{"start":{},"end":{}}],"line":325},"38":{"loc":{"start":{"line":325,"column":12},"end":{"line":325,"column":62}},"type":"binary-expr","locations":[{"start":{"line":325,"column":12},"end":{"line":325,"column":29}},{"start":{"line":325,"column":29},"end":{"line":325,"column":62}}],"line":325},"39":{"loc":{"start":{"line":342,"column":4},"end":{"line":344,"column":null}},"type":"if","locations":[{"start":{"line":342,"column":4},"end":{"line":344,"column":null}},{"start":{},"end":{}}],"line":342},"40":{"loc":{"start":{"line":350,"column":4},"end":{"line":374,"column":null}},"type":"if","locations":[{"start":{"line":350,"column":4},"end":{"line":374,"column":null}},{"start":{},"end":{}}],"line":350},"41":{"loc":{"start":{"line":351,"column":8},"end":{"line":361,"column":null}},"type":"if","locations":[{"start":{"line":351,"column":8},"end":{"line":361,"column":null}},{"start":{},"end":{}}],"line":351},"42":{"loc":{"start":{"line":358,"column":25},"end":{"line":358,"column":null}},"type":"binary-expr","locations":[{"start":{"line":358,"column":25},"end":{"line":358,"column":54}},{"start":{"line":358,"column":54},"end":{"line":358,"column":null}}],"line":358},"43":{"loc":{"start":{"line":364,"column":8},"end":{"line":366,"column":null}},"type":"if","locations":[{"start":{"line":364,"column":8},"end":{"line":366,"column":null}},{"start":{},"end":{}}],"line":364},"44":{"loc":{"start":{"line":364,"column":12},"end":{"line":364,"column":69}},"type":"binary-expr","locations":[{"start":{"line":364,"column":12},"end":{"line":364,"column":31}},{"start":{"line":364,"column":31},"end":{"line":364,"column":69}}],"line":364},"45":{"loc":{"start":{"line":378,"column":4},"end":{"line":487,"column":null}},"type":"switch","locations":[{"start":{"line":379,"column":8},"end":{"line":388,"column":null}},{"start":{"line":390,"column":8},"end":{"line":403,"column":null}},{"start":{"line":405,"column":8},"end":{"line":415,"column":null}},{"start":{"line":417,"column":8},"end":{"line":450,"column":null}},{"start":{"line":452,"column":8},"end":{"line":458,"column":null}},{"start":{"line":460,"column":8},"end":{"line":468,"column":null}},{"start":{"line":470,"column":8},"end":{"line":483,"column":null}},{"start":{"line":485,"column":8},"end":{"line":486,"column":null}}],"line":378},"46":{"loc":{"start":{"line":381,"column":12},"end":{"line":386,"column":null}},"type":"if","locations":[{"start":{"line":381,"column":12},"end":{"line":386,"column":null}},{"start":{},"end":{}}],"line":381},"47":{"loc":{"start":{"line":385,"column":50},"end":{"line":385,"column":70}},"type":"binary-expr","locations":[{"start":{"line":385,"column":50},"end":{"line":385,"column":64}},{"start":{"line":385,"column":64},"end":{"line":385,"column":70}}],"line":385},"48":{"loc":{"start":{"line":391,"column":27},"end":{"line":391,"column":null}},"type":"binary-expr","locations":[{"start":{"line":391,"column":27},"end":{"line":391,"column":44}},{"start":{"line":391,"column":44},"end":{"line":391,"column":null}}],"line":391},"49":{"loc":{"start":{"line":392,"column":12},"end":{"line":401,"column":null}},"type":"if","locations":[{"start":{"line":392,"column":12},"end":{"line":401,"column":null}},{"start":{},"end":{}}],"line":392},"50":{"loc":{"start":{"line":392,"column":16},"end":{"line":392,"column":78}},"type":"binary-expr","locations":[{"start":{"line":392,"column":16},"end":{"line":392,"column":53}},{"start":{"line":392,"column":53},"end":{"line":392,"column":78}}],"line":392},"51":{"loc":{"start":{"line":394,"column":20},"end":{"line":396,"column":null}},"type":"cond-expr","locations":[{"start":{"line":395,"column":26},"end":{"line":395,"column":null}},{"start":{"line":396,"column":26},"end":{"line":396,"column":null}}],"line":394},"52":{"loc":{"start":{"line":400,"column":50},"end":{"line":400,"column":70}},"type":"binary-expr","locations":[{"start":{"line":400,"column":50},"end":{"line":400,"column":64}},{"start":{"line":400,"column":64},"end":{"line":400,"column":70}}],"line":400},"53":{"loc":{"start":{"line":406,"column":27},"end":{"line":406,"column":null}},"type":"binary-expr","locations":[{"start":{"line":406,"column":27},"end":{"line":406,"column":44}},{"start":{"line":406,"column":44},"end":{"line":406,"column":null}}],"line":406},"54":{"loc":{"start":{"line":418,"column":27},"end":{"line":418,"column":null}},"type":"binary-expr","locations":[{"start":{"line":418,"column":27},"end":{"line":418,"column":44}},{"start":{"line":418,"column":44},"end":{"line":418,"column":null}}],"line":418},"55":{"loc":{"start":{"line":420,"column":12},"end":{"line":448,"column":null}},"type":"if","locations":[{"start":{"line":420,"column":12},"end":{"line":448,"column":null}},{"start":{"line":423,"column":19},"end":{"line":448,"column":null}}],"line":420},"56":{"loc":{"start":{"line":420,"column":16},"end":{"line":420,"column":74}},"type":"binary-expr","locations":[{"start":{"line":420,"column":16},"end":{"line":420,"column":49}},{"start":{"line":420,"column":49},"end":{"line":420,"column":74}}],"line":420},"57":{"loc":{"start":{"line":425,"column":16},"end":{"line":447,"column":null}},"type":"if","locations":[{"start":{"line":425,"column":16},"end":{"line":447,"column":null}},{"start":{},"end":{}}],"line":425},"58":{"loc":{"start":{"line":427,"column":24},"end":{"line":427,"column":null}},"type":"cond-expr","locations":[{"start":{"line":427,"column":34},"end":{"line":427,"column":72}},{"start":{"line":427,"column":72},"end":{"line":427,"column":null}}],"line":427},"59":{"loc":{"start":{"line":432,"column":36},"end":{"line":432,"column":null}},"type":"binary-expr","locations":[{"start":{"line":432,"column":36},"end":{"line":432,"column":57}},{"start":{"line":432,"column":57},"end":{"line":432,"column":null}}],"line":432},"60":{"loc":{"start":{"line":434,"column":20},"end":{"line":446,"column":null}},"type":"if","locations":[{"start":{"line":434,"column":20},"end":{"line":446,"column":null}},{"start":{"line":443,"column":27},"end":{"line":446,"column":null}}],"line":434},"61":{"loc":{"start":{"line":453,"column":27},"end":{"line":453,"column":null}},"type":"binary-expr","locations":[{"start":{"line":453,"column":27},"end":{"line":453,"column":44}},{"start":{"line":453,"column":44},"end":{"line":453,"column":null}}],"line":453},"62":{"loc":{"start":{"line":461,"column":27},"end":{"line":461,"column":null}},"type":"binary-expr","locations":[{"start":{"line":461,"column":27},"end":{"line":461,"column":44}},{"start":{"line":461,"column":44},"end":{"line":461,"column":null}}],"line":461},"63":{"loc":{"start":{"line":473,"column":12},"end":{"line":481,"column":null}},"type":"if","locations":[{"start":{"line":473,"column":12},"end":{"line":481,"column":null}},{"start":{},"end":{}}],"line":473},"64":{"loc":{"start":{"line":473,"column":16},"end":{"line":473,"column":73}},"type":"binary-expr","locations":[{"start":{"line":473,"column":16},"end":{"line":473,"column":43}},{"start":{"line":473,"column":43},"end":{"line":473,"column":58}},{"start":{"line":473,"column":58},"end":{"line":473,"column":73}}],"line":473},"65":{"loc":{"start":{"line":480,"column":50},"end":{"line":480,"column":70}},"type":"binary-expr","locations":[{"start":{"line":480,"column":50},"end":{"line":480,"column":64}},{"start":{"line":480,"column":64},"end":{"line":480,"column":70}}],"line":480},"66":{"loc":{"start":{"line":507,"column":4},"end":{"line":509,"column":null}},"type":"if","locations":[{"start":{"line":507,"column":4},"end":{"line":509,"column":null}},{"start":{},"end":{}}],"line":507},"67":{"loc":{"start":{"line":513,"column":4},"end":{"line":515,"column":null}},"type":"if","locations":[{"start":{"line":513,"column":4},"end":{"line":515,"column":null}},{"start":{},"end":{}}],"line":513},"68":{"loc":{"start":{"line":519,"column":4},"end":{"line":521,"column":null}},"type":"if","locations":[{"start":{"line":519,"column":4},"end":{"line":521,"column":null}},{"start":{},"end":{}}],"line":519},"69":{"loc":{"start":{"line":536,"column":4},"end":{"line":538,"column":null}},"type":"if","locations":[{"start":{"line":536,"column":4},"end":{"line":538,"column":null}},{"start":{},"end":{}}],"line":536},"70":{"loc":{"start":{"line":536,"column":8},"end":{"line":536,"column":50}},"type":"binary-expr","locations":[{"start":{"line":536,"column":8},"end":{"line":536,"column":26}},{"start":{"line":536,"column":26},"end":{"line":536,"column":50}}],"line":536},"71":{"loc":{"start":{"line":552,"column":4},"end":{"line":552,"column":null}},"type":"if","locations":[{"start":{"line":552,"column":4},"end":{"line":552,"column":null}},{"start":{},"end":{}}],"line":552},"72":{"loc":{"start":{"line":560,"column":12},"end":{"line":560,"column":null}},"type":"if","locations":[{"start":{"line":560,"column":12},"end":{"line":560,"column":null}},{"start":{},"end":{}}],"line":560},"73":{"loc":{"start":{"line":561,"column":12},"end":{"line":561,"column":null}},"type":"if","locations":[{"start":{"line":561,"column":12},"end":{"line":561,"column":null}},{"start":{},"end":{}}],"line":561},"74":{"loc":{"start":{"line":561,"column":16},"end":{"line":561,"column":83}},"type":"binary-expr","locations":[{"start":{"line":561,"column":16},"end":{"line":561,"column":37}},{"start":{"line":561,"column":37},"end":{"line":561,"column":83}}],"line":561},"75":{"loc":{"start":{"line":564,"column":12},"end":{"line":564,"column":null}},"type":"if","locations":[{"start":{"line":564,"column":12},"end":{"line":564,"column":null}},{"start":{},"end":{}}],"line":564},"76":{"loc":{"start":{"line":580,"column":4},"end":{"line":580,"column":null}},"type":"if","locations":[{"start":{"line":580,"column":4},"end":{"line":580,"column":null}},{"start":{},"end":{}}],"line":580},"77":{"loc":{"start":{"line":590,"column":16},"end":{"line":590,"column":null}},"type":"if","locations":[{"start":{"line":590,"column":16},"end":{"line":590,"column":null}},{"start":{},"end":{}}],"line":590},"78":{"loc":{"start":{"line":593,"column":16},"end":{"line":599,"column":null}},"type":"if","locations":[{"start":{"line":593,"column":16},"end":{"line":599,"column":null}},{"start":{},"end":{}}],"line":593},"79":{"loc":{"start":{"line":593,"column":20},"end":{"line":593,"column":109}},"type":"binary-expr","locations":[{"start":{"line":593,"column":20},"end":{"line":593,"column":63}},{"start":{"line":593,"column":63},"end":{"line":593,"column":86}},{"start":{"line":593,"column":86},"end":{"line":593,"column":109}}],"line":593},"80":{"loc":{"start":{"line":667,"column":15},"end":{"line":668,"column":null}},"type":"binary-expr","locations":[{"start":{"line":667,"column":15},"end":{"line":667,"column":null}},{"start":{"line":668,"column":15},"end":{"line":668,"column":null}}],"line":667},"81":{"loc":{"start":{"line":745,"column":23},"end":{"line":745,"column":null}},"type":"binary-expr","locations":[{"start":{"line":745,"column":23},"end":{"line":745,"column":58}},{"start":{"line":745,"column":58},"end":{"line":745,"column":null}}],"line":745},"82":{"loc":{"start":{"line":787,"column":4},"end":{"line":787,"column":null}},"type":"if","locations":[{"start":{"line":787,"column":4},"end":{"line":787,"column":null}},{"start":{},"end":{}}],"line":787},"83":{"loc":{"start":{"line":790,"column":4},"end":{"line":790,"column":null}},"type":"if","locations":[{"start":{"line":790,"column":4},"end":{"line":790,"column":null}},{"start":{},"end":{}}],"line":790},"84":{"loc":{"start":{"line":792,"column":11},"end":{"line":792,"column":null}},"type":"binary-expr","locations":[{"start":{"line":792,"column":11},"end":{"line":792,"column":27}},{"start":{"line":792,"column":27},"end":{"line":792,"column":null}}],"line":792},"85":{"loc":{"start":{"line":800,"column":4},"end":{"line":800,"column":null}},"type":"if","locations":[{"start":{"line":800,"column":4},"end":{"line":800,"column":null}},{"start":{},"end":{}}],"line":800},"86":{"loc":{"start":{"line":803,"column":4},"end":{"line":803,"column":null}},"type":"if","locations":[{"start":{"line":803,"column":4},"end":{"line":803,"column":null}},{"start":{},"end":{}}],"line":803},"87":{"loc":{"start":{"line":805,"column":21},"end":{"line":805,"column":null}},"type":"binary-expr","locations":[{"start":{"line":805,"column":21},"end":{"line":805,"column":36}},{"start":{"line":805,"column":36},"end":{"line":805,"column":null}}],"line":805},"88":{"loc":{"start":{"line":808,"column":4},"end":{"line":810,"column":null}},"type":"if","locations":[{"start":{"line":808,"column":4},"end":{"line":810,"column":null}},{"start":{},"end":{}}],"line":808},"89":{"loc":{"start":{"line":809,"column":22},"end":{"line":809,"column":null}},"type":"binary-expr","locations":[{"start":{"line":809,"column":22},"end":{"line":809,"column":37}},{"start":{"line":809,"column":37},"end":{"line":809,"column":null}}],"line":809},"90":{"loc":{"start":{"line":815,"column":8},"end":{"line":818,"column":null}},"type":"if","locations":[{"start":{"line":815,"column":8},"end":{"line":818,"column":null}},{"start":{},"end":{}}],"line":815},"91":{"loc":{"start":{"line":816,"column":12},"end":{"line":816,"column":null}},"type":"if","locations":[{"start":{"line":816,"column":12},"end":{"line":816,"column":null}},{"start":{},"end":{}}],"line":816},"92":{"loc":{"start":{"line":816,"column":16},"end":{"line":816,"column":66}},"type":"binary-expr","locations":[{"start":{"line":816,"column":16},"end":{"line":816,"column":33}},{"start":{"line":816,"column":33},"end":{"line":816,"column":66}}],"line":816},"93":{"loc":{"start":{"line":829,"column":4},"end":{"line":829,"column":null}},"type":"if","locations":[{"start":{"line":829,"column":4},"end":{"line":829,"column":null}},{"start":{},"end":{}}],"line":829},"94":{"loc":{"start":{"line":832,"column":4},"end":{"line":832,"column":null}},"type":"if","locations":[{"start":{"line":832,"column":4},"end":{"line":832,"column":null}},{"start":{},"end":{}}],"line":832},"95":{"loc":{"start":{"line":834,"column":24},"end":{"line":834,"column":null}},"type":"binary-expr","locations":[{"start":{"line":834,"column":24},"end":{"line":834,"column":42}},{"start":{"line":834,"column":42},"end":{"line":834,"column":null}}],"line":834},"96":{"loc":{"start":{"line":839,"column":8},"end":{"line":842,"column":null}},"type":"if","locations":[{"start":{"line":839,"column":8},"end":{"line":842,"column":null}},{"start":{},"end":{}}],"line":839},"97":{"loc":{"start":{"line":840,"column":12},"end":{"line":840,"column":null}},"type":"if","locations":[{"start":{"line":840,"column":12},"end":{"line":840,"column":null}},{"start":{},"end":{}}],"line":840},"98":{"loc":{"start":{"line":840,"column":16},"end":{"line":840,"column":66}},"type":"binary-expr","locations":[{"start":{"line":840,"column":16},"end":{"line":840,"column":33}},{"start":{"line":840,"column":33},"end":{"line":840,"column":66}}],"line":840},"99":{"loc":{"start":{"line":853,"column":4},"end":{"line":853,"column":null}},"type":"if","locations":[{"start":{"line":853,"column":4},"end":{"line":853,"column":null}},{"start":{},"end":{}}],"line":853},"100":{"loc":{"start":{"line":856,"column":4},"end":{"line":856,"column":null}},"type":"if","locations":[{"start":{"line":856,"column":4},"end":{"line":856,"column":null}},{"start":{},"end":{}}],"line":856},"101":{"loc":{"start":{"line":858,"column":22},"end":{"line":858,"column":null}},"type":"binary-expr","locations":[{"start":{"line":858,"column":22},"end":{"line":858,"column":38}},{"start":{"line":858,"column":38},"end":{"line":858,"column":null}}],"line":858},"102":{"loc":{"start":{"line":863,"column":8},"end":{"line":866,"column":null}},"type":"if","locations":[{"start":{"line":863,"column":8},"end":{"line":866,"column":null}},{"start":{},"end":{}}],"line":863},"103":{"loc":{"start":{"line":864,"column":12},"end":{"line":864,"column":null}},"type":"if","locations":[{"start":{"line":864,"column":12},"end":{"line":864,"column":null}},{"start":{},"end":{}}],"line":864},"104":{"loc":{"start":{"line":864,"column":16},"end":{"line":864,"column":66}},"type":"binary-expr","locations":[{"start":{"line":864,"column":16},"end":{"line":864,"column":33}},{"start":{"line":864,"column":33},"end":{"line":864,"column":66}}],"line":864}},"s":{"0":2,"1":16,"2":16,"3":16,"4":14,"5":3,"6":22,"7":80,"8":89,"9":80,"10":21,"11":1,"12":62,"13":62,"14":14,"15":14,"16":25,"17":25,"18":4,"19":4,"20":15,"21":15,"22":0,"23":15,"24":15,"25":7,"26":8,"27":1,"28":1,"29":0,"30":8,"31":7,"32":7,"33":7,"34":7,"35":2,"36":6,"37":12,"38":12,"39":0,"40":12,"41":12,"42":7,"43":5,"44":5,"45":1,"46":1,"47":5,"48":4,"49":4,"50":4,"51":4,"52":5,"53":2,"54":18,"55":17,"56":10,"57":7,"58":7,"59":7,"60":5,"61":2,"62":1,"63":1,"64":0,"65":1,"66":11,"67":11,"68":5,"69":3,"70":18,"71":2,"72":5,"73":5,"74":5,"75":22,"76":9,"77":0,"78":0,"79":0,"80":0,"81":0,"82":0,"83":0,"84":0,"85":0,"86":16,"87":16,"88":0,"89":16,"90":16,"91":16,"92":5,"93":1,"94":4,"95":0,"96":4,"97":4,"98":4,"99":11,"100":11,"101":4,"102":4,"103":4,"104":4,"105":4,"106":4,"107":4,"108":1,"109":1,"110":1,"111":1,"112":1,"113":1,"114":1,"115":1,"116":1,"117":1,"118":1,"119":1,"120":1,"121":1,"122":2,"123":2,"124":0,"125":2,"126":2,"127":2,"128":2,"129":2,"130":2,"131":1,"132":1,"133":1,"134":1,"135":1,"136":1,"137":2,"138":1,"139":1,"140":1,"141":1,"142":1,"143":2,"144":2,"145":2,"146":2,"147":0,"148":0,"149":0,"150":0,"151":0,"152":0,"153":11,"154":14,"155":14,"156":0,"157":14,"158":14,"159":1,"160":13,"161":13,"162":1,"163":12,"164":12,"165":12,"166":11,"167":12,"168":2,"169":2,"170":0,"171":2,"172":2,"173":2,"174":2,"175":2,"176":1,"177":1,"178":0,"179":1,"180":1,"181":0,"182":1,"183":2,"184":3,"185":3,"186":0,"187":3,"188":3,"189":3,"190":4,"191":4,"192":6,"193":2,"194":4,"195":4,"196":2,"197":2,"198":2,"199":1,"200":2,"201":2,"202":2,"203":2,"204":2,"205":2,"206":2,"207":2,"208":2,"209":0,"210":2,"211":2,"212":2,"213":0,"214":2,"215":6,"216":6,"217":0,"218":6,"219":6,"220":1,"221":5,"222":6,"223":1,"224":5,"225":5,"226":4,"227":3,"228":0,"229":3,"230":5,"231":4,"232":4,"233":0,"234":4,"235":4,"236":1,"237":3,"238":4,"239":4,"240":3,"241":2,"242":0,"243":2,"244":3,"245":2,"246":2,"247":0,"248":2,"249":2,"250":1,"251":1,"252":2,"253":2,"254":0,"255":0,"256":0,"257":0,"258":1},"f":{"0":16,"1":14,"2":3,"3":22,"4":89,"5":62,"6":62,"7":14,"8":14,"9":25,"10":25,"11":4,"12":4,"13":15,"14":12,"15":1,"16":4,"17":18,"18":17,"19":11,"20":5,"21":18,"22":5,"23":22,"24":9,"25":0,"26":16,"27":1,"28":2,"29":1,"30":14,"31":2,"32":3,"33":1,"34":2,"35":2,"36":2,"37":6,"38":4,"39":2},"b":{"0":[16,14],"1":[14,1],"2":[3,2],"3":[2,0],"4":[21,59],"5":[14,0],"6":[4,0],"7":[0,15],"8":[7,8],"9":[1,7],"10":[8,1],"11":[0,1],"12":[7,1],"13":[8,7],"14":[7,0],"15":[7,0],"16":[2,5],"17":[7,7],"18":[0,12],"19":[7,5],"20":[1,4],"21":[5,1],"22":[1,0],"23":[4,1],"24":[5,4],"25":[4,0],"26":[4,0],"27":[4,0],"28":[10,7],"29":[5,2],"30":[1,1],"31":[2,2],"32":[0,1],"33":[1,0],"34":[5,4],"35":[9,4],"36":[0,0],"37":[0,0],"38":[0,0],"39":[0,16],"40":[5,11],"41":[1,4],"42":[1,0],"43":[0,4],"44":[4,4],"45":[11,1,1,2,1,2,0,0],"46":[4,0],"47":[4,0],"48":[1,0],"49":[1,0],"50":[1,1],"51":[1,0],"52":[1,0],"53":[1,0],"54":[2,0],"55":[0,2],"56":[2,2],"57":[2,0],"58":[2,0],"59":[2,0],"60":[1,1],"61":[1,0],"62":[2,0],"63":[0,0],"64":[0,0,0],"65":[0,0],"66":[0,14],"67":[1,13],"68":[1,12],"69":[11,1],"70":[12,12],"71":[0,2],"72":[1,1],"73":[0,1],"74":[1,1],"75":[0,1],"76":[0,3],"77":[2,4],"78":[4,0],"79":[4,4,4],"80":[1,1],"81":[2,0],"82":[0,2],"83":[0,2],"84":[2,0],"85":[0,6],"86":[1,5],"87":[5,0],"88":[1,5],"89":[1,0],"90":[3,1],"91":[0,3],"92":[3,0],"93":[0,4],"94":[1,3],"95":[3,0],"96":[2,1],"97":[0,2],"98":[2,0],"99":[0,2],"100":[1,1],"101":[1,0],"102":[0,0],"103":[0,0],"104":[0,0]},"meta":{"lastBranch":105,"lastFunction":40,"lastStatement":259,"seen":{"s:118:52:118:Infinity":0,"f:120:16:120:32":0,"s:121:21:121:Infinity":1,"b:121:21:121:62:121:62:121:Infinity":0,"s:122:4:122:Infinity":2,"s:123:4:123:Infinity":3,"f:126:16:126:29":1,"s:127:4:127:Infinity":4,"b:127:11:127:44:127:44:127:Infinity":1,"f:130:16:130:29":2,"s:131:4:131:Infinity":5,"b:131:11:131:45:131:39:131:Infinity":2,"b:131:45:131:86:131:86:131:91":3,"f:134:16:134:31":3,"s:135:4:138:Infinity":6,"s:136:22:136:Infinity":7,"f:136:37:136:38":4,"s:136:44:136:62":8,"b:137:8:137:Infinity:undefined:undefined:undefined:undefined":4,"s:137:8:137:Infinity":9,"s:137:19:137:Infinity":10,"s:139:4:139:Infinity":11,"f:144:9:144:19":5,"s:145:4:145:Infinity":12,"f:145:30:145:31":6,"s:145:37:145:54":13,"f:148:9:148:22":7,"s:149:4:154:Infinity":14,"f:151:35:151:36":8,"s:152:12:152:Infinity":15,"b:152:32:152:55:152:55:152:Infinity":5,"f:157:9:157:24":9,"s:158:4:158:Infinity":16,"f:158:30:158:31":10,"s:158:37:158:56":17,"f:161:9:161:20":11,"s:162:4:164:Infinity":18,"f:162:29:162:30":12,"s:163:8:163:Infinity":19,"b:163:30:163:53:163:53:163:Infinity":6,"f:169:16:169:Infinity":13,"s:175:19:175:Infinity":20,"b:176:4:176:Infinity:undefined:undefined:undefined:undefined":7,"s:176:4:176:Infinity":21,"s:176:17:176:Infinity":22,"s:178:17:178:Infinity":23,"b:179:4:179:Infinity:undefined:undefined:undefined:undefined":8,"s:179:4:179:Infinity":24,"s:179:15:179:Infinity":25,"b:182:4:187:Infinity:undefined:undefined:undefined:undefined":9,"s:182:4:187:Infinity":26,"b:182:8:182:28:182:28:182:44":10,"s:183:21:183:Infinity":27,"b:184:8:186:Infinity:undefined:undefined:undefined:undefined":11,"s:184:8:186:Infinity":28,"s:185:12:185:Infinity":29,"b:190:4:198:Infinity:undefined:undefined:undefined:undefined":12,"s:190:4:198:Infinity":30,"b:190:8:190:26:190:26:190:46":13,"s:191:25:191:Infinity":31,"b:191:25:191:51:191:51:191:Infinity":14,"b:192:8:197:Infinity:undefined:undefined:undefined:undefined":15,"s:192:8:197:Infinity":32,"s:193:25:193:Infinity":33,"b:194:12:196:Infinity:undefined:undefined:undefined:undefined":16,"s:194:12:196:Infinity":34,"b:194:16:194:25:194:25:194:58":17,"s:195:16:195:Infinity":35,"s:200:4:200:Infinity":36,"f:205:16:205:Infinity":14,"s:211:19:211:Infinity":37,"b:212:4:212:Infinity:undefined:undefined:undefined:undefined":18,"s:212:4:212:Infinity":38,"s:212:17:212:Infinity":39,"s:214:17:214:Infinity":40,"b:215:4:215:Infinity:undefined:undefined:undefined:undefined":19,"s:215:4:215:Infinity":41,"s:215:15:215:Infinity":42,"s:217:24:217:Infinity":43,"b:220:4:224:Infinity:undefined:undefined:undefined:undefined":20,"s:220:4:224:Infinity":44,"b:220:8:220:28:220:28:220:44":21,"s:221:8:223:Infinity":45,"f:221:42:221:43":15,"s:222:12:222:Infinity":46,"b:222:40:222:68:222:68:222:Infinity":22,"b:227:4:234:Infinity:undefined:undefined:undefined:undefined":23,"s:227:4:234:Infinity":47,"b:227:8:227:26:227:26:227:46":24,"s:228:25:228:Infinity":48,"b:228:25:228:51:228:51:228:Infinity":25,"b:229:8:233:Infinity:undefined:undefined:undefined:undefined":26,"s:229:8:233:Infinity":49,"s:230:12:232:Infinity":50,"f:230:46:230:47":16,"s:231:16:231:Infinity":51,"b:231:38:231:91:231:91:231:Infinity":27,"s:236:4:236:Infinity":52,"s:242:55:242:Infinity":53,"f:244:9:244:21":17,"s:245:4:245:Infinity":54,"f:248:16:248:Infinity":18,"b:252:4:252:Infinity:undefined:undefined:undefined:undefined":28,"s:252:4:252:Infinity":55,"s:252:39:252:Infinity":56,"s:254:16:254:Infinity":57,"s:255:18:255:Infinity":58,"b:257:4:257:Infinity:undefined:undefined:undefined:undefined":29,"s:257:4:257:Infinity":59,"s:257:16:257:Infinity":60,"b:259:4:261:Infinity:undefined:undefined:undefined:undefined":30,"s:259:4:261:Infinity":61,"b:259:8:259:46:259:46:259:67":31,"s:260:8:260:Infinity":62,"b:263:4:265:Infinity:undefined:undefined:undefined:undefined":32,"s:263:4:265:Infinity":63,"b:263:8:263:46:263:46:263:67":33,"s:264:8:264:Infinity":64,"s:267:4:267:Infinity":65,"f:270:16:270:32":19,"s:271:16:271:Infinity":66,"s:272:4:276:Infinity":67,"f:279:16:279:44":20,"s:280:4:282:Infinity":68,"s:281:8:281:Infinity":69,"f:285:16:285:44":21,"s:286:4:286:Infinity":70,"s:298:51:298:Infinity":71,"f:300:16:300:37":22,"s:301:21:301:Infinity":72,"b:301:21:301:52:301:52:301:Infinity":34,"s:302:4:302:Infinity":73,"s:303:4:303:Infinity":74,"f:306:16:306:35":23,"s:307:4:307:Infinity":75,"f:310:16:310:33":24,"s:311:4:311:Infinity":76,"b:311:11:311:42:311:42:311:Infinity":35,"f:314:16:314:Infinity":25,"s:320:22:320:Infinity":77,"s:321:16:321:Infinity":78,"s:323:4:327:Infinity":79,"b:324:8:324:Infinity:undefined:undefined:undefined:undefined":36,"s:324:8:324:Infinity":80,"s:324:35:324:Infinity":81,"b:325:8:325:Infinity:undefined:undefined:undefined:undefined":37,"s:325:8:325:Infinity":82,"b:325:12:325:29:325:29:325:62":38,"s:325:62:325:Infinity":83,"s:326:8:326:Infinity":84,"s:329:4:329:Infinity":85,"f:334:16:334:Infinity":26,"s:341:19:341:Infinity":86,"b:342:4:344:Infinity:undefined:undefined:undefined:undefined":39,"s:342:4:344:Infinity":87,"s:343:8:343:Infinity":88,"s:346:19:346:Infinity":89,"s:347:27:347:Infinity":90,"b:350:4:374:Infinity:undefined:undefined:undefined:undefined":40,"s:350:4:374:Infinity":91,"b:351:8:361:Infinity:undefined:undefined:undefined:undefined":41,"s:351:8:361:Infinity":92,"s:353:12:360:Infinity":93,"b:358:25:358:54:358:54:358:Infinity":42,"b:364:8:366:Infinity:undefined:undefined:undefined:undefined":43,"s:364:8:366:Infinity":94,"b:364:12:364:31:364:31:364:69":44,"s:365:12:365:Infinity":95,"s:368:29:368:Infinity":96,"s:369:43:372:Infinity":97,"s:373:8:373:Infinity":98,"s:376:20:376:Infinity":99,"b:379:8:388:Infinity:390:8:403:Infinity:405:8:415:Infinity:417:8:450:Infinity:452:8:458:Infinity:460:8:468:Infinity:470:8:483:Infinity:485:8:486:Infinity":45,"s:378:4:487:Infinity":100,"s:380:29:380:Infinity":101,"b:381:12:386:Infinity:undefined:undefined:undefined:undefined":46,"s:381:12:386:Infinity":102,"s:382:38:382:Infinity":103,"s:383:16:383:Infinity":104,"s:384:29:384:Infinity":105,"s:385:16:385:Infinity":106,"b:385:50:385:64:385:64:385:70":47,"s:387:12:387:Infinity":107,"s:391:27:391:Infinity":108,"b:391:27:391:44:391:44:391:Infinity":48,"b:392:12:401:Infinity:undefined:undefined:undefined:undefined":49,"s:392:12:401:Infinity":109,"b:392:16:392:53:392:53:392:78":50,"s:393:38:397:Infinity":110,"f:393:56:393:57":27,"s:394:20:396:Infinity":111,"b:395:26:395:Infinity:396:26:396:Infinity":51,"s:398:16:398:Infinity":112,"s:399:29:399:Infinity":113,"s:400:16:400:Infinity":114,"b:400:50:400:64:400:64:400:70":52,"s:402:12:402:Infinity":115,"s:406:27:406:Infinity":116,"b:406:27:406:44:406:44:406:Infinity":53,"s:407:31:407:Infinity":117,"s:408:34:408:Infinity":118,"s:409:12:412:Infinity":119,"s:413:12:413:Infinity":120,"s:414:12:414:Infinity":121,"s:418:27:418:Infinity":122,"b:418:27:418:44:418:44:418:Infinity":54,"b:420:12:448:Infinity:423:19:448:Infinity":55,"s:420:12:448:Infinity":123,"b:420:16:420:49:420:49:420:74":56,"s:422:16:422:Infinity":124,"b:425:16:447:Infinity:undefined:undefined:undefined:undefined":57,"s:425:16:447:Infinity":125,"s:426:43:428:Infinity":126,"f:426:69:426:70":28,"s:427:24:427:Infinity":127,"b:427:34:427:72:427:72:427:Infinity":58,"s:431:34:431:Infinity":128,"s:432:36:432:Infinity":129,"b:432:36:432:57:432:57:432:Infinity":59,"b:434:20:446:Infinity:443:27:446:Infinity":60,"s:434:20:446:Infinity":130,"s:435:24:435:Infinity":131,"s:436:24:438:Infinity":132,"f:437:66:437:67":29,"s:437:76:437:83":133,"s:439:24:442:Infinity":134,"s:444:24:444:Infinity":135,"s:445:24:445:Infinity":136,"s:449:12:449:Infinity":137,"s:453:27:453:Infinity":138,"b:453:27:453:44:453:44:453:Infinity":61,"s:454:30:454:Infinity":139,"s:455:12:455:Infinity":140,"s:456:12:456:Infinity":141,"s:457:12:457:Infinity":142,"s:461:27:461:Infinity":143,"b:461:27:461:44:461:44:461:Infinity":62,"s:462:12:465:Infinity":144,"s:466:12:466:Infinity":145,"s:467:12:467:Infinity":146,"b:473:12:481:Infinity:undefined:undefined:undefined:undefined":63,"s:473:12:481:Infinity":147,"b:473:16:473:43:473:43:473:58:473:58:473:73":64,"s:474:16:478:Infinity":148,"s:479:29:479:Infinity":149,"s:480:16:480:Infinity":150,"b:480:50:480:64:480:64:480:70":65,"s:482:12:482:Infinity":151,"s:486:12:486:Infinity":152,"s:489:4:493:Infinity":153,"f:498:16:498:Infinity":30,"s:506:20:506:Infinity":154,"b:507:4:509:Infinity:undefined:undefined:undefined:undefined":66,"s:507:4:509:Infinity":155,"s:508:8:508:Infinity":156,"s:512:23:512:Infinity":157,"b:513:4:515:Infinity:undefined:undefined:undefined:undefined":67,"s:513:4:515:Infinity":158,"s:514:8:514:Infinity":159,"s:518:22:518:Infinity":160,"b:519:4:521:Infinity:undefined:undefined:undefined:undefined":68,"s:519:4:521:Infinity":161,"s:520:8:520:Infinity":162,"s:524:20:524:Infinity":163,"s:527:19:533:Infinity":164,"b:536:4:538:Infinity:undefined:undefined:undefined:undefined":69,"s:536:4:538:Infinity":165,"b:536:8:536:26:536:26:536:50":70,"s:537:8:537:Infinity":166,"s:540:4:540:Infinity":167,"f:545:16:545:Infinity":31,"s:551:19:551:Infinity":168,"b:552:4:552:Infinity:undefined:undefined:undefined:undefined":71,"s:552:4:552:Infinity":169,"s:552:17:552:Infinity":170,"s:554:37:554:Infinity":171,"s:557:4:568:Infinity":172,"s:558:26:558:Infinity":173,"s:559:8:567:Infinity":174,"b:560:12:560:Infinity:undefined:undefined:undefined:undefined":72,"s:560:12:560:Infinity":175,"s:560:45:560:Infinity":176,"b:561:12:561:Infinity:undefined:undefined:undefined:undefined":73,"s:561:12:561:Infinity":177,"b:561:16:561:37:561:37:561:83":74,"s:561:83:561:Infinity":178,"s:563:31:563:Infinity":179,"b:564:12:564:Infinity:undefined:undefined:undefined:undefined":75,"s:564:12:564:Infinity":180,"s:564:36:564:Infinity":181,"s:566:12:566:Infinity":182,"s:573:4:573:Infinity":183,"f:578:16:578:38":32,"s:579:19:579:Infinity":184,"b:580:4:580:Infinity:undefined:undefined:undefined:undefined":76,"s:580:4:580:Infinity":185,"s:580:17:580:Infinity":186,"s:583:4:602:Infinity":187,"s:584:8:584:Infinity":188,"s:587:8:601:Infinity":189,"s:588:30:588:Infinity":190,"s:589:12:600:Infinity":191,"b:590:16:590:Infinity:undefined:undefined:undefined:undefined":77,"s:590:16:590:Infinity":192,"s:590:48:590:Infinity":193,"b:593:16:599:Infinity:undefined:undefined:undefined:undefined":78,"s:593:16:599:Infinity":194,"b:593:20:593:63:593:63:593:86:593:86:593:109":79,"s:594:20:598:Infinity":195,"s:612:0:627:Infinity":196,"s:633:0:646:Infinity":197,"s:652:0:670:Infinity":198,"f:665:15:665:16":33,"s:667:8:668:Infinity":199,"b:667:15:667:Infinity:668:15:668:Infinity":80,"s:675:0:691:Infinity":200,"s:696:0:709:Infinity":201,"s:715:0:728:Infinity":202,"s:730:0:748:Infinity":203,"f:743:15:743:16":34,"s:745:23:745:Infinity":204,"b:745:23:745:58:745:58:745:Infinity":81,"s:746:8:746:Infinity":205,"s:754:0:775:Infinity":206,"f:785:16:785:36":35,"s:786:19:786:Infinity":207,"b:787:4:787:Infinity:undefined:undefined:undefined:undefined":82,"s:787:4:787:Infinity":208,"s:787:17:787:Infinity":209,"s:789:18:789:Infinity":210,"f:789:37:789:38":36,"s:789:44:789:62":211,"b:790:4:790:Infinity:undefined:undefined:undefined:undefined":83,"s:790:4:790:Infinity":212,"s:790:16:790:Infinity":213,"s:792:4:792:Infinity":214,"b:792:11:792:27:792:27:792:Infinity":84,"f:798:16:798:35":37,"s:799:19:799:Infinity":215,"b:800:4:800:Infinity:undefined:undefined:undefined:undefined":85,"s:800:4:800:Infinity":216,"s:800:17:800:Infinity":217,"s:802:17:802:Infinity":218,"b:803:4:803:Infinity:undefined:undefined:undefined:undefined":86,"s:803:4:803:Infinity":219,"s:803:15:803:Infinity":220,"s:805:21:805:Infinity":221,"b:805:21:805:36:805:36:805:Infinity":87,"b:808:4:810:Infinity:undefined:undefined:undefined:undefined":88,"s:808:4:810:Infinity":222,"s:809:8:809:Infinity":223,"b:809:22:809:37:809:37:809:Infinity":89,"s:813:22:813:Infinity":224,"s:814:4:819:Infinity":225,"b:815:8:818:Infinity:undefined:undefined:undefined:undefined":90,"s:815:8:818:Infinity":226,"b:816:12:816:Infinity:undefined:undefined:undefined:undefined":91,"s:816:12:816:Infinity":227,"b:816:16:816:33:816:33:816:66":92,"s:816:66:816:Infinity":228,"s:817:12:817:Infinity":229,"s:821:4:821:Infinity":230,"f:827:16:827:38":38,"s:828:19:828:Infinity":231,"b:829:4:829:Infinity:undefined:undefined:undefined:undefined":93,"s:829:4:829:Infinity":232,"s:829:17:829:Infinity":233,"s:831:17:831:Infinity":234,"b:832:4:832:Infinity:undefined:undefined:undefined:undefined":94,"s:832:4:832:Infinity":235,"s:832:15:832:Infinity":236,"s:834:24:834:Infinity":237,"b:834:24:834:42:834:42:834:Infinity":95,"s:837:22:837:Infinity":238,"s:838:4:843:Infinity":239,"b:839:8:842:Infinity:undefined:undefined:undefined:undefined":96,"s:839:8:842:Infinity":240,"b:840:12:840:Infinity:undefined:undefined:undefined:undefined":97,"s:840:12:840:Infinity":241,"b:840:16:840:33:840:33:840:66":98,"s:840:66:840:Infinity":242,"s:841:12:841:Infinity":243,"s:845:4:845:Infinity":244,"f:851:16:851:36":39,"s:852:19:852:Infinity":245,"b:853:4:853:Infinity:undefined:undefined:undefined:undefined":99,"s:853:4:853:Infinity":246,"s:853:17:853:Infinity":247,"s:855:17:855:Infinity":248,"b:856:4:856:Infinity:undefined:undefined:undefined:undefined":100,"s:856:4:856:Infinity":249,"s:856:15:856:Infinity":250,"s:858:22:858:Infinity":251,"b:858:22:858:38:858:38:858:Infinity":101,"s:861:22:861:Infinity":252,"s:862:4:867:Infinity":253,"b:863:8:866:Infinity:undefined:undefined:undefined:undefined":102,"s:863:8:866:Infinity":254,"b:864:12:864:Infinity:undefined:undefined:undefined:undefined":103,"s:864:12:864:Infinity":255,"b:864:16:864:33:864:33:864:66":104,"s:864:66:864:Infinity":256,"s:865:12:865:Infinity":257,"s:869:4:869:Infinity":258}}}
,"C:\\Users\\chunghsien\\Desktop\\Vibe\\LoTR\\src\\engine\\enemyAbilities.ts": {"path":"C:\\Users\\chunghsien\\Desktop\\Vibe\\LoTR\\src\\engine\\enemyAbilities.ts","statementMap":{"0":{"start":{"line":48,"column":4},"end":{"line":48,"column":null}},"1":{"start":{"line":48,"column":37},"end":{"line":48,"column":54}},"2":{"start":{"line":52,"column":4},"end":{"line":57,"column":null}},"3":{"start":{"line":55,"column":12},"end":{"line":55,"column":null}},"4":{"start":{"line":61,"column":4},"end":{"line":61,"column":null}},"5":{"start":{"line":61,"column":36},"end":{"line":61,"column":null}},"6":{"start":{"line":62,"column":4},"end":{"line":64,"column":null}},"7":{"start":{"line":63,"column":8},"end":{"line":63,"column":null}},"8":{"start":{"line":68,"column":16},"end":{"line":68,"column":null}},"9":{"start":{"line":71,"column":4},"end":{"line":79,"column":null}},"10":{"start":{"line":72,"column":8},"end":{"line":78,"column":null}},"11":{"start":{"line":74,"column":12},"end":{"line":74,"column":null}},"12":{"start":{"line":74,"column":68},"end":{"line":74,"column":null}},"13":{"start":{"line":77,"column":12},"end":{"line":77,"column":null}},"14":{"start":{"line":77,"column":63},"end":{"line":77,"column":null}},"15":{"start":{"line":82,"column":4},"end":{"line":86,"column":null}},"16":{"start":{"line":83,"column":8},"end":{"line":85,"column":null}},"17":{"start":{"line":84,"column":12},"end":{"line":84,"column":null}},"18":{"start":{"line":84,"column":69},"end":{"line":84,"column":null}},"19":{"start":{"line":88,"column":4},"end":{"line":88,"column":null}},"20":{"start":{"line":93,"column":58},"end":{"line":93,"column":null}},"21":{"start":{"line":96,"column":21},"end":{"line":96,"column":null}},"22":{"start":{"line":97,"column":4},"end":{"line":97,"column":null}},"23":{"start":{"line":98,"column":4},"end":{"line":98,"column":null}},"24":{"start":{"line":102,"column":4},"end":{"line":102,"column":null}},"25":{"start":{"line":106,"column":22},"end":{"line":106,"column":null}},"26":{"start":{"line":107,"column":4},"end":{"line":107,"column":null}},"27":{"start":{"line":107,"column":33},"end":{"line":107,"column":48}},"28":{"start":{"line":111,"column":22},"end":{"line":111,"column":null}},"29":{"start":{"line":112,"column":4},"end":{"line":112,"column":null}},"30":{"start":{"line":112,"column":33},"end":{"line":112,"column":48}},"31":{"start":{"line":121,"column":0},"end":{"line":160,"column":null}},"32":{"start":{"line":127,"column":26},"end":{"line":127,"column":null}},"33":{"start":{"line":128,"column":31},"end":{"line":130,"column":null}},"34":{"start":{"line":135,"column":31},"end":{"line":151,"column":null}},"35":{"start":{"line":136,"column":12},"end":{"line":136,"column":null}},"36":{"start":{"line":136,"column":35},"end":{"line":136,"column":null}},"37":{"start":{"line":138,"column":12},"end":{"line":150,"column":null}},"38":{"start":{"line":141,"column":33},"end":{"line":141,"column":null}},"39":{"start":{"line":142,"column":20},"end":{"line":147,"column":null}},"40":{"start":{"line":143,"column":24},"end":{"line":146,"column":null}},"41":{"start":{"line":148,"column":20},"end":{"line":148,"column":null}},"42":{"start":{"line":153,"column":8},"end":{"line":158,"column":null}},"43":{"start":{"line":166,"column":0},"end":{"line":213,"column":null}},"44":{"start":{"line":172,"column":31},"end":{"line":172,"column":null}},"45":{"start":{"line":174,"column":27},"end":{"line":174,"column":null}},"46":{"start":{"line":177,"column":8},"end":{"line":205,"column":null}},"47":{"start":{"line":179,"column":35},"end":{"line":179,"column":null}},"48":{"start":{"line":179,"column":66},"end":{"line":179,"column":78}},"49":{"start":{"line":180,"column":12},"end":{"line":189,"column":null}},"50":{"start":{"line":181,"column":29},"end":{"line":181,"column":null}},"51":{"start":{"line":182,"column":16},"end":{"line":182,"column":null}},"52":{"start":{"line":183,"column":16},"end":{"line":187,"column":null}},"53":{"start":{"line":185,"column":24},"end":{"line":185,"column":null}},"54":{"start":{"line":188,"column":16},"end":{"line":188,"column":null}},"55":{"start":{"line":192,"column":35},"end":{"line":192,"column":null}},"56":{"start":{"line":192,"column":66},"end":{"line":192,"column":78}},"57":{"start":{"line":193,"column":12},"end":{"line":202,"column":null}},"58":{"start":{"line":194,"column":29},"end":{"line":194,"column":null}},"59":{"start":{"line":195,"column":16},"end":{"line":195,"column":null}},"60":{"start":{"line":196,"column":16},"end":{"line":200,"column":null}},"61":{"start":{"line":198,"column":24},"end":{"line":198,"column":null}},"62":{"start":{"line":201,"column":16},"end":{"line":201,"column":null}},"63":{"start":{"line":204,"column":12},"end":{"line":204,"column":null}},"64":{"start":{"line":207,"column":8},"end":{"line":211,"column":null}},"65":{"start":{"line":219,"column":0},"end":{"line":258,"column":null}
[...]
undefined:undefined:undefined:undefined":112,"s:940:12:940:Infinity":409,"s:940:29:940:Infinity":410,"s:941:32:941:Infinity":411,"b:942:12:942:Infinity:undefined:undefined:undefined:undefined":113,"s:942:12:942:Infinity":412,"s:942:29:942:Infinity":413,"b:943:12:943:Infinity:undefined:undefined:undefined:undefined":114,"s:943:12:943:Infinity":414,"s:943:33:943:Infinity":415,"b:944:12:944:Infinity:undefined:undefined:undefined:undefined":115,"s:944:12:944:Infinity":416,"s:944:34:944:Infinity":417,"b:945:8:947:Infinity:undefined:undefined:undefined:undefined":116,"s:945:8:947:Infinity":418,"s:946:12:946:Infinity":419,"s:949:25:949:Infinity":420,"s:950:14:950:Infinity":421,"b:950:29:950:50:950:50:950:55":117,"b:952:8:1038:Infinity:1013:15:1038:Infinity":118,"s:952:8:1038:Infinity":422,"s:954:34:954:Infinity":423,"s:955:31:955:Infinity":424,"s:956:33:956:Infinity":425,"s:957:33:957:Infinity":426,"b:959:12:975:Infinity:967:19:975:Infinity":119,"s:959:12:975:Infinity":427,"s:960:29:960:Infinity":428,"f:960:48:960:49":104,"s:960:55:960:79":429,"b:961:16:966:Infinity:undefined:undefined:undefined:undefined":120,"s:961:16:966:Infinity":430,"s:962:20:962:Infinity":431,"b:962:38:962:54:962:54:962:Infinity":121,"s:963:20:963:Infinity":432,"s:964:20:964:Infinity":433,"b:964:37:964:52:964:52:964:Infinity":122,"s:965:20:965:Infinity":434,"s:968:29:968:Infinity":435,"b:969:16:974:Infinity:undefined:undefined:undefined:undefined":123,"s:969:16:974:Infinity":436,"s:970:20:970:Infinity":437,"b:970:38:970:54:970:54:970:Infinity":124,"s:971:20:971:Infinity":438,"s:972:20:972:Infinity":439,"b:972:37:972:52:972:52:972:Infinity":125,"s:973:20:973:Infinity":440,"s:977:27:977:Infinity":441,"s:978:30:978:Infinity":442,"s:979:31:979:Infinity":443,"s:981:12:981:Infinity":444,"b:984:12:1012:Infinity:995:19:1012:Infinity":126,"s:984:12:1012:Infinity":445,"s:985:38:987:Infinity":446,"f:985:56:985:57":105,"s:986:20:986:Infinity":447,"b:986:47:986:94:986:94:986:Infinity":127,"s:988:16:993:Infinity":448,"f:990:51:990:52":106,"s:991:24:991:Infinity":449,"b:991:45:991:79:991:79:991:Infinity":128,"b:994:16:994:Infinity:undefined:undefined:undefined:undefined":129,"s:994:16:994:Infinity":450,"s:994:32:994:Infinity":451,"s:996:36:998:Infinity":452,"f:996:54:996:55":107,"s:997:20:997:Infinity":453,"b:997:43:997:90:997:90:997:Infinity":130,"s:999:37:999:Infinity":454,"b:1000:16:1005:Infinity:undefined:undefined:undefined:undefined":131,"s:1000:16:1005:Infinity":455,"s:1001:20:1001:Infinity":456,"s:1002:42:1002:Infinity":457,"s:1003:20:1003:Infinity":458,"f:1003:57:1003:58":108,"s:1003:67:1003:87":459,"b:1004:20:1004:Infinity:undefined:undefined:undefined:undefined":132,"s:1004:20:1004:Infinity":460,"s:1004:39:1004:Infinity":461,"s:1006:16:1011:Infinity":462,"f:1008:51:1008:52":109,"s:1009:24:1009:Infinity":463,"b:1009:45:1009:104:1009:104:1009:Infinity":133,"s:1015:31:1015:Infinity":464,"b:1016:12:1037:Infinity:undefined:undefined:undefined:undefined":134,"s:1016:12:1037:Infinity":465,"s:1017:31:1017:Infinity":466,"s:1018:34:1018:Infinity":467,"s:1019:35:1019:Infinity":468,"b:1019:49:1019:70:1019:70:1019:Infinity":135,"s:1021:16:1021:Infinity":469,"b:1022:16:1022:Infinity:undefined:undefined:undefined:undefined":136,"s:1022:16:1022:Infinity":470,"s:1022:32:1022:Infinity":471,"s:1024:16:1036:Infinity":472,"f:1026:51:1026:52":110,"s:1027:24:1034:Infinity":473,"b:1028:30:1033:Infinity:1034:30:1034:Infinity":137,"f:1030:53:1030:54":111,"s:1031:36:1031:Infinity":474,"b:1031:65:1031:95:1031:95:1031:Infinity":138,"s:1041:8:1051:Infinity":475,"s:1053:8:1056:Infinity":476,"f:1055:38:1055:39":112,"s:1055:45:1055:76":477,"f:1059:17:1059:23":113,"s:1060:30:1060:Infinity":478,"s:1062:32:1067:Infinity":479,"b:1065:18:1065:Infinity:1066:18:1066:Infinity":139,"s:1068:8:1068:Infinity":480,"s:1069:8:1069:Infinity":481,"f:1072:20:1072:21":114,"s:1073:30:1073:Infinity":482,"b:1074:8:1074:Infinity:undefined:undefined:undefined:undefined":140,"s:1074:8:1074:Infinity":483,"s:1074:36:1074:Infinity":484,"s:1076:33:1076:Infinity":485,"s:1077:27:1079:Infinity":486,"f:1078:12:1078:13":115,"s:1078:19:1078:Infinity":487,"b:1078:19:1078:42:1078:42:1078:Infinity":141,"s:1081:29:1083:Infinity":488,"b:1082:14:1082:Infinity:1083:14:1083:Infinity":142,"f:1082:38:1082:39":116,"s:1082:45:1082:90":489,"b:1082:47:1082:70:1082:70:1082:90":143,"s:1085:32:1091:Infinity":490,"s:1092:8:1092:Infinity":491,"f:1095:19:1095:25":117,"s:1096:35:1096:Infinity":492,"s:1097:23:1097:Infinity":493,"s:1098:28:1098:Infinity":494,"b:1099:8:1099:Infinity:undefined:undefined:undefined:undefined":144,"s:1099:8:1099:Infinity":495,"b:1099:12:1099:23:1099:23:1099:37":145,"s:1099:37:1099:Infinity":496,"s:1101:27:1101:Infinity":497,"s:1102:20:1102:Infinity":498,"b:1103:8:1103:Infinity:undefined:undefined:undefined:undefined":146,"s:1103:8:1103:Infinity":499,"s:1103:20:1103:Infinity":500,"s:1105:31:1105:Infinity":501,"s:1108:26:1108:Infinity":502,"s:1109:40:1109:Infinity":503,"s:1111:8:1125:Infinity":504,"b:1112:12:1124:Infinity:1118:19:1124:Infinity":147,"s:1112:12:1124:Infinity":505,"s:1113:29:1113:Infinity":506,"f:1113:48:1113:49":118,"s:1113:55:1113:74":507,"b:1114:16:1117:Infinity:undefined:undefined:undefined:undefined":148,"s:1114:16:1117:Infinity":508,"s:1115:20:1115:Infinity":509,"b:1115:35:1115:50:1115:50:1115:Infinity":149,"s:1116:20:1116:Infinity":510,"s:1119:29:1119:Infinity":511,"b:1120:16:1123:Infinity:undefined:undefined:undefined:undefined":150,"s:1120:16:1123:Infinity":512,"s:1121:20:1121:Infinity":513,"b:1121:35:1121:50:1121:50:1121:Infinity":151,"s:1122:20:1122:Infinity":514,"s:1127:29:1127:Infinity":515,"b:1127:29:1127:51:1127:51:1127:Infinity":152,"s:1128:23:1128:Infinity":516,"s:1129:31:1129:Infinity":517,"s:1130:28:1130:Infinity":518,"b:1130:28:1130:49:1130:49:1130:Infinity":153,"s:1131:28:1131:Infinity":519,"s:1133:8:1133:Infinity":520,"s:1135:24:1135:Infinity":521,"s:1136:31:1136:Infinity":522,"s:1137:29:1137:Infinity":523,"s:1140:28:1145:Infinity":524,"f:1140:46:1140:47":119,"s:1141:31:1143:Infinity":525,"f:1142:16:1142:17":120,"s:1142:23:1142:Infinity":526,"b:1142:23:1142:44:1142:44:1142:Infinity":154,"s:1144:12:1144:Infinity":527,"b:1144:32:1144:60:1144:60:1144:Infinity":155,"s:1147:28:1152:Infinity":528,"f:1147:46:1147:47":121,"s:1148:31:1150:Infinity":529,"f:1149:16:1149:17":122,"s:1149:25:1149:Infinity":530,"b:1149:25:1149:48:1149:48:1149:Infinity":156,"s:1151:12:1151:Infinity":531,"b:1151:32:1151:60:1151:60:1151:Infinity":157,"s:1155:37:1155:Infinity":532,"s:1156:8:1156:Infinity":533,"b:1158:8:1166:Infinity:1162:15:1166:Infinity":158,"s:1158:8:1166:Infinity":534,"s:1159:12:1159:Infinity":535,"s:1160:12:1160:Infinity":536,"s:1161:12:1161:Infinity":537,"f:1161:51:1161:52":123,"s:1161:61:1161:77":538,"s:1163:12:1165:Infinity":539,"f:1163:48:1163:49":124,"s:1164:16:1164:Infinity":540,"b:1164:35:1164:87:1164:87:1164:Infinity":159,"s:1169:31:1169:Infinity":541,"b:1169:45:1169:58:1169:58:1169:Infinity":160,"s:1170:31:1170:Infinity":542,"b:1172:8:1222:Infinity:1208:15:1222:Infinity":161,"s:1172:8:1222:Infinity":543,"s:1173:12:1190:Infinity":544,"f:1177:47:1177:48":125,"s:1178:20:1180:Infinity":545,"b:1179:26:1179:Infinity:1180:26:1180:Infinity":162,"b:1183:53:1183:66:1183:66:1183:Infinity":163,"s:1192:12:1198:Infinity":546,"b:1196:53:1196:66:1196:66:1196:Infinity":164,"b:1199:12:1207:Infinity:undefined:undefined:undefined:undefined":165,"s:1199:12:1207:Infinity":547,"s:1200:16:1206:Infinity":548,"s:1210:12:1210:Infinity":549,"s:1211:12:1221:Infinity":550,"f:1215:47:1215:48":126,"s:1216:20:1218:Infinity":551,"b:1217:26:1217:Infinity:1218:26:1218:Infinity":166,"s:1225:34:1227:Infinity":552,"f:1226:12:1226:13":127,"s:1226:19:1226:Infinity":553,"b:1226:32:1226:44:1226:44:1226:Infinity":167,"b:1228:8:1231:Infinity:undefined:undefined:undefined:undefined":168,"s:1228:8:1231:Infinity":554,"s:1229:12:1229:Infinity":555,"s:1230:12:1230:Infinity":556,"s:1233:8:1236:Infinity":557,"f:1235:38:1235:39":128,"s:1235:45:1235:76":558,"f:1239:16:1239:22":129,"s:1240:35:1240:Infinity":559,"s:1241:23:1241:Infinity":560,"s:1242:28:1242:Infinity":561,"b:1243:8:1243:Infinity:undefined:undefined:undefined:undefined":169,"s:1243:8:1243:Infinity":562,"b:1243:12:1243:23:1243:23:1243:37":170,"s:1243:37:1243:Infinity":563,"s:1245:27:1245:Infinity":564,"s:1246:22:1246:Infinity":565,"b:1247:8:1247:Infinity:undefined:undefined:undefined:undefined":171,"s:1247:8:1247:Infinity":566,"s:1247:20:1247:Infinity":567,"s:1249:31:1249:Infinity":568,"s:1252:31:1252:Infinity":569,"s:1253:29:1255:Infinity":570,"f:1253:55:1253:56":130,"s:1254:12:1254:Infinity":571,"b:1254:31:1254:59:1254:59:1254:Infinity":172,"s:1258:31:1258:Infinity":572,"s:1259:31:1259:Infinity":573,"b:1263:8:1291:Infinity:1280:15:1291:Infinity":173,"s:1263:8:1291:Infinity":574,"s:1264:12:1279:Infinity":575,"f:1268:47:1268:48":131,"s:1269:20:1269:Infinity":576,"b:1269:41:1269:84:1269:84:1269:Infinity":174,"s:1281:12:1281:Infinity":577,"s:1282:12:1290:Infinity":578,"f:1286:47:1286:48":132,"s:1287:20:1287:Infinity":579,"b:1287:41:1287:84:1287:84:1287:Infinity":175,"s:1293:8:1296:Infinity":580,"f:1295:38:1295:39":133,"s:1295:45:1295:74":581,"f:1303:22:1303:28":134,"s:1304:35:1304:Infinity":582,"s:1305:8:1308:Infinity":583,"f:1311:23:1311:24":135,"s:1312:30:1312:Infinity":584,"s:1313:24:1313:Infinity":585,"s:1314:23:1314:Infinity":586,"f:1314:36:1314:37":136,"s:1314:43:1314:85":587,"b:1314:43:1314:66:1314:66:1314:85":176,"s:1316:24:1318:Infinity":588,"b:1317:14:1317:Infinity:1318:14:1318:Infinity":177,"f:1317:29:1317:30":137,"s:1317:36:1317:81":589,"b:1317:38:1317:61:1317:61:1317:81":178,"s:1320:8:1322:Infinity":590,"f:1325:24:1325:30":138,"s:1326:35:1326:Infinity":591,"s:1327:23:1327:Infinity":592,"b:1328:8:1328:Infinity:undefined:undefined:undefined:undefined":179,"s:1328:8:1328:Infinity":593,"s:1328:21:1328:Infinity":594,"s:1330:27:1330:Infinity":595,"s:1331:31:1331:Infinity":596,"s:1334:30:1343:Infinity":597,"f:1334:48:1334:49":139,"s:1335:32:1337:Infinity":598,"f:1336:16:1336:17":140,"s:1336:23:1336:Infinity":599,"b:1336:23:1336:44:1336:44:1336:Infinity":180,"b:1338:12:1341:Infinity:undefined:undefined:undefined:undefined":181,"s:1338:12:1341:Infinity":600,"b:1338:16:1338:31:1338:31:1338:48":182,"s:1339:16:1339:Infinity":601,"s:1340:16:1340:Infinity":602,"s:1342:12:1342:Infinity":603,"s:1345:30:1354:Infinity":604,"f:1345:48:1345:49":141,"s:1346:32:1348:Infinity":605,"f:1347:16:1347:17":142,"s:1347:23:1347:Infinity":606,"b:1347:23:1347:44:1347:44:1347:68:1347:68:1347:Infinity":183,"b:1349:12:1352:Infinity:undefined:undefined:undefined:undefined":184,"s:1349:12:1352:Infinity":607,"b:1349:16:1349:31:1349:31:1349:48":185,"s:1350:16:1350:Infinity":608,"s:1351:16:1351:Infinity":609,"s:1353:12:1353:Infinity":610,"s:1357:24:1365:Infinity":611,"f:1357:42:1357:43":143,"b:1358:12:1364:Infinity:1361:19:1364:Infinity":186,"s:1358:12:1364:Infinity":612,"s:1359:29:1359:Infinity":613,"f:1359:48:1359:49":144,"s:1359:55:1359:74":614,"s:1360:16:1360:Infinity":615,"b:1360:30:1360:49:1360:49:1360:Infinity":187,"s:1362:29:1362:Infinity":616,"s:1363:16:1363:Infinity":617,"b:1363:30:1363:49:1363:49:1363:Infinity":188,"s:1367:8:1367:Infinity":618,"s:1369:8:1380:Infinity":619,"f:1373:47:1373:48":145,"s:1374:20:1376:Infinity":620,"b:1375:26:1375:Infinity:1376:26:1376:Infinity":189,"f:1379:38:1379:39":146,"s:1379:45:1379:74":621,"f:1383:19:1383:25":147,"s:1384:35:1384:Infinity":622,"s:1385:31:1385:Infinity":623,"s:1388:14:1388:Infinity":624,"s:1389:29:1389:Infinity":625,"s:1390:31:1390:Infinity":626,"s:1391:28:1391:Infinity":627,"s:1392:27:1392:Infinity":628,"s:1393:25:1393:Infinity":629,"b:1395:8:1397:Infinity:undefined:undefined:undefined:undefined":190,"s:1395:8:1397:Infinity":630,"s:1396:12:1396:Infinity":631,"s:1400:33:1471:Infinity":632,"f:1400:33:1400:48":148,"b:1401:12:1418:Infinity:undefined:undefined:undefined:undefined":191,"s:1401:12:1418:Infinity":633,"s:1403:22:1407:Infinity":634,"b:1408:16:1415:Infinity:undefined:undefined:undefined:undefined":192,"s:1408:16:1415:Infinity":635,"s:1409:20:1409:Infinity":636,"s:1410:20:1413:Infinity":637,"f:1412:50:1412:51":149,"s:1412:57:1412:86":638,"s:1414:20:1414:Infinity":639,"s:1416:16:1416:Infinity":640,"s:1417:16:1417:Infinity":641,"s:1420:49:1420:Infinity":642,"s:1421:12:1421:Infinity":643,"s:1422:12:1422:Infinity":644,"s:1424:12:1424:Infinity":645,"s:1427:18:1427:Infinity":646,"s:1428:12:1428:Infinity":647,"s:1429:12:1429:Infinity":648,"b:1430:12:1432:Infinity:undefined:undefined:undefined:undefined":193,"s:1430:12:1432:Infinity":649,"s:1431:16:1431:Infinity":650,"b:1435:12:1437:Infinity:undefined:undefined:undefined:undefined":194,"s:1435:12:1437:Infinity":651,"s:1436:16:1436:Infinity":652,"b:1439:12:1463:Infinity:1450:12:1463:Infinity":195,"s:1439:12:1463:Infinity":653,"s:1441:22:1441:Infinity":654,"s:1442:16:1442:Infinity":655,"s:1443:16:1443:Infinity":656,"s:1444:16:1444:Infinity":657,"b:1446:16:1448:Infinity:undefined:undefined:undefined:undefined":196,"s:1446:16:1448:Infinity":658,"s:1447:20:1447:Infinity":659,"b:1450:12:1463:Infinity:1461:19:1463:Infinity":197,"s:1450:12:1463:Infinity":660,"b:1450:23:1450:57:1450:57:1450:92":198,"s:1451:16:1451:Infinity":661,"s:1452:16:1452:Infinity":662,"b:1452:77:1452:96:1452:96:1452:97":199,"b:1455:16:1460:Infinity:undefined:undefined:undefined:undefined":200,"s:1455:16:1460:Infinity":663,"s:1456:37:1456:Infinity":664,"b:1456:37:1456:68:1456:68:1456:Infinity":201,"s:1457:26:1457:Infinity":665,"s:1458:20:1458:Infinity":666,"s:1459:20:1459:Infinity":667,"s:1462:16:1462:Infinity":668,"b:1466:12:1468:Infinity:undefined:undefined:undefined:undefined":202,"s:1466:12:1468:Infinity":669,"s:1467:16:1467:Infinity":670,"s:1470:12:1470:Infinity":671,"s:1474:8:1478:Infinity":672,"s:1474:21:1474:24":673,"b:1475:12:1477:Infinity:undefined:undefined:undefined:undefined":203,"s:1475:12:1477:Infinity":674,"s:1476:16:1476:Infinity":675,"s:1481:8:1486:Infinity":676,"b:1481:15:1481:33:1481:33:1481:69":204,"s:1482:12:1482:Infinity":677,"b:1483:12:1485:Infinity:undefined:undefined:undefined:undefined":205,"s:1483:12:1485:Infinity":678,"s:1484:16:1484:Infinity":679,"s:1489:14:1493:Infinity":680,"b:1494:8:1501:Infinity:undefined:undefined:undefined:undefined":206,"s:1494:8:1501:Infinity":681,"s:1495:12:1495:Infinity":682,"s:1496:12:1499:Infinity":683,"f:1498:42:1498:43":150,"s:1498:49:1498:78":684,"s:1500:12:1500:Infinity":685,"s:1503:8:1512:Infinity":686,"b:1506:60:1506:74:1506:74:1506:Infinity":207,"f:1511:38:1511:39":151,"s:1511:45:1511:74":687,"f:1515:18:1515:24":152,"s:1516:35:1516:Infinity":688,"s:1517:23:1517:Infinity":689,"b:1518:8:1518:Infinity:undefined:undefined:undefined:undefined":208,"s:1518:8:1518:Infinity":690,"s:1518:21:1518:Infinity":691,"s:1520:31:1520:Infinity":692,"s:1521:27:1521:Infinity":693,"s:1524:31:1532:Infinity":694,"f:1524:49:1524:50":153,"b:1525:12:1531:Infinity:1528:19:1531:Infinity":209,"s:1525:12:1531:Infinity":695,"s:1526:29:1526:Infinity":696,"f:1526:48:1526:49":154,"s:1526:55:1526:74":697,"s:1527:16:1527:Infinity":698,"b:1527:30:1527:49:1527:49:1527:Infinity":210,"s:1529:29:1529:Infinity":699,"s:1530:16:1530:Infinity":700,"b:1530:30:1530:49:1530:49:1530:Infinity":211,"s:1535:30:1538:Infinity":701,"f:1535:59:1535:60":155,"b:1536:12:1536:Infinity:undefined:undefined:undefined:undefined":212,"s:1536:12:1536:Infinity":702,"s:1536:43:1536:Infinity":703,"s:1537:12:1537:Infinity":704,"b:1537:26:1537:41:1537:41:1537:Infinity":213,"s:1540:20:1540:Infinity":705,"s:1542:8:1542:Infinity":706,"b:1542:100:1542:106:1542:106:1542:108":214,"s:1544:31:1544:Infinity":707,"s:1545:24:1545:Infinity":708,"s:1546:30:1546:Infinity":709,"s:1547:27:1547:Infinity":710,"s:1548:32:1548:Infinity":711,"s:1549:29:1549:Infinity":712,"s:1550:24:1550:Infinity":713,"b:1552:8:1616:Infinity:1606:8:1616:Infinity":215,"s:1552:8:1616:Infinity":714,"s:1554:36:1554:Infinity":715,"b:1556:12:1568:Infinity:undefined:undefined:undefined:undefined":216,"s:1556:12:1568:Infinity":716,"s:1557:30:1557:Infinity":717,"b:1557:30:1557:69:1557:69:1557:Infinity":217,"s:1558:36:1558:Infinity":718,"b:1560:16:1567:Infinity:1564:23:1567:Infinity":218,"s:1560:16:1567:Infinity":719,"s:1561:20:1561:Infinity":720,"s:1562:20:1562:Infinity":721,"s:1563:20:1563:Infinity":722,"s:1565:20:1565:Infinity":723,"s:1566:20:1566:Infinity":724,"b:1570:12:1605:Infinity:undefined:undefined:undefined:undefined":219,"s:1570:12:1605:Infinity":725,"b:1570:16:1570:41:1570:41:1570:58":220,"s:1571:16:1571:Infinity":726,"s:1572:16:1572:Infinity":727,"b:1572:90:1572:122:1572:122:1572:125":221,"s:1574:32:1574:Infinity":728,"b:1574:32:1574:64:1574:64:1574:Infinity":222,"b:1575:16:1604:Infinity:undefined:undefined:undefined:undefined":223,"s:1575:16:1604:Infinity":729,"s:1576:20:1576:Infinity":730,"b:1577:20:1603:Infinity:1600:27:1603:Infinity":224,"s:1577:20:1603:Infinity":731,"s:1578:59:1578:Infinity":732,"s:1579:24:1579:Infinity":733,"s:1580:24:1580:Infinity":734,"s:1581:24:1581:Infinity":735,"s:1582:24:1582:Infinity":736,"s:1585:59:1592:Infinity":737,"s:1593:30:1593:Infinity":738,"s:1594:24:1594:Infinity":739,"b:1597:24:1599:Infinity:undefined:undefined:undefined:undefined":225,"s:1597:24:1599:Infinity":740,"s:1598:28:1598:Infinity":741,"s:1601:24:1601:Infinity":742,"s:1602:24:1602:Infinity":743,"b:1606:8:1616:Infinity:1614:15:1616:Infinity":226,"s:1606:8:1616:Infinity":744,"s:1607:32:1607:Infinity":745,"s:1608:12:1608:Infinity":746,"s:1609:12:1609:Infinity":747,"b:1611:12:1613:Infinity:undefined:undefined:undefined:undefined":227,"s:1611:12:1613:Infinity":748,"s:1612:16:1612:Infinity":749,"s:1615:12:1615:Infinity":750,"s:1619:36:1619:Infinity":751,"b:1620:8:1624:Infinity:1622:8:1624:Infinity":228,"s:1620:8:1624:Infinity":752,"s:1621:12:1621:Infinity":753,"b:1622:8:1624:Infinity:undefined:undefined:undefined:undefined":229,"s:1622:8:1624:Infinity":754,"s:1623:12:1623:Infinity":755,"s:1626:8:1641:Infinity":756,"f:1636:47:1636:48":156,"s:1637:20:1637:Infinity":757,"b:1637:41:1637:71:1637:71:1637:Infinity":230,"f:1640:38:1640:39":157,"s:1640:45:1640:74":758,"b:1644:8:1665:Infinity:undefined:undefined:undefined:undefined":231,"s:1644:8:1665:Infinity":759,"s:1645:38:1645:Infinity":760,"s:1646:42:1648:Infinity":761,"f:1647:16:1647:17":158,"s:1647:26:1647:Infinity":762,"b:1647:26:1647:59:1647:59:1647:Infinity":232,"b:1650:12:1664:Infinity:undefined:undefined:undefined:undefined":233,"s:1650:12:1664:Infinity":763,"b:1650:16:1650:37:1650:37:1650:61":234,"s:1651:31:1653:Infinity":764,"b:1652:22:1652:Infinity:1653:22:1653:Infinity":235,"s:1655:16:1663:Infinity":765,"f:1655:27:1655:33":159,"s:1656:41:1656:Infinity":766,"b:1657:20:1662:Infinity:undefined:undefined:undefined:undefined":236,"s:1657:20:1662:Infinity":767,"s:1658:24:1658:Infinity":768,"s:1659:24:1661:Infinity":769,"f:1668:27:1668:28":160,"s:1669:35:1669:Infinity":770,"s:1670:23:1670:Infinity":771,"b:1672:8:1674:Infinity:undefined:undefined:undefined:undefined":237,"s:1672:8:1674:Infinity":772,"s:1673:12:1673:Infinity":773,"s:1676:14:1676:Infinity":774,"s:1678:8:1681:Infinity":775,"f:1680:44:1680:45":161,"s:1680:59:1680:88":776,"f:1684:25:1684:26":162,"s:1685:35:1685:Infinity":777,"s:1687:14:1687:Infinity":778,"b:1689:8:1701:Infinity:1697:8:1701:Infinity":238,"s:1689:8:1701:Infinity":779,"s:1691:12:1691:Infinity":780,"s:1693:12:1696:Infinity":781,"f:1695:48:1695:49":163,"s:1695:63:1695:95":782,"b:1697:8:1701:Infinity:undefined:undefined:undefined:undefined":239,"s:1697:8:1701:Infinity":783,"s:1698:12:1700:Infinity":784,"f:1704:27:1704:28":164,"s:1705:30:1705:Infinity":785,"s:1706:14:1706:Infinity":786,"s:1708:8:1723:Infinity":787,"f:1709:20:1709:21":165,"s:1709:27:1709:72":788,"b:1709:27:1709:50:1709:50:1709:72":240,"f:1710:17:1710:18":166,"s:1711:22:1711:Infinity":789,"s:1712:22:1712:Infinity":790,"s:1713:36:1713:Infinity":791,"b:1713:36:1713:56:1713:56:1713:Infinity":241,"s:1714:31:1714:Infinity":792,"b:1714:51:1714:70:1714:70:1714:Infinity":242,"b:1714:91:1714:111:1714:111:1714:Infinity":243,"s:1716:16:1722:Infinity":793}}}
}
